Successfully loaded english dataset
Successfully loaded afrikaans dataset
Successfully loaded swahili dataset
Successfully loaded south-african-english dataset
Successfully loaded xhosa dataset
Successfully loaded isizulu dataset
Successfully loaded kinyarwanda dataset
Successfully loaded igbo dataset
Successfully loaded tswana dataset
Successfully loaded zulu dataset
Combined training dataset size: 18779
Combined test dataset size: 1393
[2025-04-22 01:21:27,808] [INFO] [real_accelerator.py:219:get_accelerator] Setting ds_accelerator to cuda (auto detect)
Warning: The cache directory for DeepSpeed Triton autotune, /home/mkapadni/.triton/autotune, appears to be on an NFS system. While this is generally acceptable, if you experience slowdowns or hanging when DeepSpeed exits, it is recommended to set the TRITON_CACHE_DIR environment variable to a non-NFS path.
{'loss': 4.4865, 'grad_norm': 3.676882743835449, 'learning_rate': 2.996933560477002e-05, 'epoch': 0.02}
{'loss': 3.9371, 'grad_norm': 4.186441421508789, 'learning_rate': 2.9918228279386714e-05, 'epoch': 0.03}
{'loss': 3.5521, 'grad_norm': 3.95827054977417, 'learning_rate': 2.986712095400341e-05, 'epoch': 0.05}
{'loss': 3.2507, 'grad_norm': 4.668154716491699, 'learning_rate': 2.9816013628620104e-05, 'epoch': 0.07}
{'loss': 3.2546, 'grad_norm': 2.7625906467437744, 'learning_rate': 2.97649063032368e-05, 'epoch': 0.09}
{'loss': 3.193, 'grad_norm': 3.0695579051971436, 'learning_rate': 2.9713798977853494e-05, 'epoch': 0.1}
{'loss': 3.4193, 'grad_norm': 2.528482675552368, 'learning_rate': 2.966269165247019e-05, 'epoch': 0.12}
{'loss': 3.2376, 'grad_norm': 1.167162299156189, 'learning_rate': 2.9611584327086884e-05, 'epoch': 0.14}
{'loss': 2.9071, 'grad_norm': 3.4107470512390137, 'learning_rate': 2.956047700170358e-05, 'epoch': 0.15}
{'loss': 2.997, 'grad_norm': 10.670117378234863, 'learning_rate': 2.9509369676320275e-05, 'epoch': 0.17}
{'loss': 2.8807, 'grad_norm': 7.856330871582031, 'learning_rate': 2.945826235093697e-05, 'epoch': 0.19}
{'loss': 3.0728, 'grad_norm': 5.725675582885742, 'learning_rate': 2.9407155025553665e-05, 'epoch': 0.2}
{'loss': 3.0783, 'grad_norm': 6.492572784423828, 'learning_rate': 2.935604770017036e-05, 'epoch': 0.22}
{'loss': 3.0819, 'grad_norm': 8.495743751525879, 'learning_rate': 2.9310051107325385e-05, 'epoch': 0.24}
{'loss': 2.961, 'grad_norm': 6.472987174987793, 'learning_rate': 2.925894378194208e-05, 'epoch': 0.26}
{'loss': 3.029, 'grad_norm': 8.621590614318848, 'learning_rate': 2.9207836456558775e-05, 'epoch': 0.27}
{'loss': 2.99, 'grad_norm': 4.2828874588012695, 'learning_rate': 2.915672913117547e-05, 'epoch': 0.29}
{'loss': 2.9556, 'grad_norm': 11.573089599609375, 'learning_rate': 2.9105621805792165e-05, 'epoch': 0.31}
{'loss': 3.0077, 'grad_norm': 13.1580228805542, 'learning_rate': 2.905451448040886e-05, 'epoch': 0.32}
{'loss': 2.9402, 'grad_norm': 10.377198219299316, 'learning_rate': 2.9003407155025556e-05, 'epoch': 0.34}
{'loss': 2.7925, 'grad_norm': 13.754890441894531, 'learning_rate': 2.895229982964225e-05, 'epoch': 0.36}
{'loss': 2.8036, 'grad_norm': 18.689891815185547, 'learning_rate': 2.8901192504258946e-05, 'epoch': 0.37}
{'loss': 2.794, 'grad_norm': 16.68349838256836, 'learning_rate': 2.885008517887564e-05, 'epoch': 0.39}
{'loss': 2.7817, 'grad_norm': 9.358999252319336, 'learning_rate': 2.8804088586030663e-05, 'epoch': 0.41}
{'loss': 2.7661, 'grad_norm': 34.53974151611328, 'learning_rate': 2.8752981260647358e-05, 'epoch': 0.43}
{'loss': 2.7286, 'grad_norm': 8.288246154785156, 'learning_rate': 2.8701873935264056e-05, 'epoch': 0.44}
{'loss': 2.7566, 'grad_norm': 109.06746673583984, 'learning_rate': 2.865076660988075e-05, 'epoch': 0.46}
{'loss': 2.8495, 'grad_norm': 10.681918144226074, 'learning_rate': 2.8599659284497446e-05, 'epoch': 0.48}
{'loss': 2.621, 'grad_norm': 7.3021697998046875, 'learning_rate': 2.854855195911414e-05, 'epoch': 0.49}
{'loss': 2.6854, 'grad_norm': 7.630194187164307, 'learning_rate': 2.8497444633730837e-05, 'epoch': 0.51}
{'loss': 2.3639, 'grad_norm': 9.511828422546387, 'learning_rate': 2.8446337308347532e-05, 'epoch': 0.53}
{'loss': 2.8545, 'grad_norm': 8.644947052001953, 'learning_rate': 2.8395229982964227e-05, 'epoch': 0.55}
{'loss': 2.5784, 'grad_norm': 21.715871810913086, 'learning_rate': 2.8344122657580922e-05, 'epoch': 0.56}
{'loss': 2.2776, 'grad_norm': 9.478007316589355, 'learning_rate': 2.8293015332197617e-05, 'epoch': 0.58}
{'loss': 2.4717, 'grad_norm': 10.718701362609863, 'learning_rate': 2.8241908006814312e-05, 'epoch': 0.6}
{'loss': 2.2062, 'grad_norm': 13.476194381713867, 'learning_rate': 2.8190800681431007e-05, 'epoch': 0.61}
{'loss': 2.3769, 'grad_norm': 15.83627986907959, 'learning_rate': 2.8139693356047703e-05, 'epoch': 0.63}
{'loss': 2.1565, 'grad_norm': 18.367835998535156, 'learning_rate': 2.8088586030664398e-05, 'epoch': 0.65}
{'loss': 2.1683, 'grad_norm': 13.882441520690918, 'learning_rate': 2.8037478705281093e-05, 'epoch': 0.66}
{'loss': 1.9745, 'grad_norm': 23.362720489501953, 'learning_rate': 2.7986371379897788e-05, 'epoch': 0.68}
{'loss': 1.95, 'grad_norm': 20.009191513061523, 'learning_rate': 2.7935264054514483e-05, 'epoch': 0.7}
{'loss': 1.8044, 'grad_norm': 23.859619140625, 'learning_rate': 2.7884156729131178e-05, 'epoch': 0.72}
{'loss': 1.9037, 'grad_norm': 18.200754165649414, 'learning_rate': 2.7833049403747873e-05, 'epoch': 0.73}
{'loss': 1.8261, 'grad_norm': 17.70444107055664, 'learning_rate': 2.778194207836457e-05, 'epoch': 0.75}
{'loss': 1.5474, 'grad_norm': 14.80522346496582, 'learning_rate': 2.7730834752981263e-05, 'epoch': 0.77}
{'loss': 1.8084, 'grad_norm': 26.078868865966797, 'learning_rate': 2.767972742759796e-05, 'epoch': 0.78}
{'loss': 1.9702, 'grad_norm': 18.845361709594727, 'learning_rate': 2.7628620102214654e-05, 'epoch': 0.8}
{'loss': 1.5645, 'grad_norm': 31.03731346130371, 'learning_rate': 2.757751277683135e-05, 'epoch': 0.82}
{'loss': 1.401, 'grad_norm': 12.872753143310547, 'learning_rate': 2.7526405451448044e-05, 'epoch': 0.83}
{'loss': 1.4831, 'grad_norm': 11.36168384552002, 'learning_rate': 2.7475298126064736e-05, 'epoch': 0.85}
{'loss': 1.5316, 'grad_norm': 14.996569633483887, 'learning_rate': 2.742419080068143e-05, 'epoch': 0.87}
{'loss': 1.5242, 'grad_norm': 62.66364288330078, 'learning_rate': 2.7373083475298126e-05, 'epoch': 0.89}
{'loss': 1.506, 'grad_norm': 24.942771911621094, 'learning_rate': 2.732197614991482e-05, 'epoch': 0.9}
{'loss': 1.923, 'grad_norm': 22.297607421875, 'learning_rate': 2.7270868824531516e-05, 'epoch': 0.92}
{'loss': 1.5209, 'grad_norm': 21.35322380065918, 'learning_rate': 2.7224872231686545e-05, 'epoch': 0.94}
{'loss': 1.4141, 'grad_norm': 48.53092956542969, 'learning_rate': 2.717376490630324e-05, 'epoch': 0.95}
{'loss': 1.5764, 'grad_norm': 31.179201126098633, 'learning_rate': 2.7122657580919935e-05, 'epoch': 0.97}
{'loss': 1.6953, 'grad_norm': 39.03421401977539, 'learning_rate': 2.707155025553663e-05, 'epoch': 0.99}
{'eval_loss': 1.421849012374878, 'eval_accuracy': 0.6058865757358219, 'eval_f1': 0.5450853176170903, 'eval_precision': 0.5225668597490842, 'eval_recall': 0.6058865757358219, 'eval_runtime': 41.4531, 'eval_samples_per_second': 33.604, 'eval_steps_per_second': 2.123, 'epoch': 1.0}
{'loss': 1.6814, 'grad_norm': 36.300941467285156, 'learning_rate': 2.7020442930153325e-05, 'epoch': 1.01}
{'loss': 1.5631, 'grad_norm': 15.554814338684082, 'learning_rate': 2.696933560477002e-05, 'epoch': 1.02}
{'loss': 1.4478, 'grad_norm': 8.954034805297852, 'learning_rate': 2.6918228279386715e-05, 'epoch': 1.04}
{'loss': 1.19, 'grad_norm': 17.71742057800293, 'learning_rate': 2.686712095400341e-05, 'epoch': 1.06}
{'loss': 1.5874, 'grad_norm': 26.247398376464844, 'learning_rate': 2.6816013628620105e-05, 'epoch': 1.07}
{'loss': 1.3018, 'grad_norm': 19.841947555541992, 'learning_rate': 2.67649063032368e-05, 'epoch': 1.09}
{'loss': 1.4774, 'grad_norm': 16.670515060424805, 'learning_rate': 2.6713798977853496e-05, 'epoch': 1.11}
{'loss': 1.4377, 'grad_norm': 20.388526916503906, 'learning_rate': 2.6662691652470187e-05, 'epoch': 1.12}
{'loss': 1.2631, 'grad_norm': 15.63243293762207, 'learning_rate': 2.6611584327086883e-05, 'epoch': 1.14}
{'loss': 1.1249, 'grad_norm': 9.919599533081055, 'learning_rate': 2.6560477001703578e-05, 'epoch': 1.16}
{'loss': 1.2859, 'grad_norm': 15.604459762573242, 'learning_rate': 2.6509369676320273e-05, 'epoch': 1.18}
{'loss': 1.1466, 'grad_norm': 31.097301483154297, 'learning_rate': 2.6458262350936968e-05, 'epoch': 1.19}
{'loss': 1.2115, 'grad_norm': 15.437219619750977, 'learning_rate': 2.6407155025553663e-05, 'epoch': 1.21}
{'loss': 1.2811, 'grad_norm': 25.458206176757812, 'learning_rate': 2.6361158432708688e-05, 'epoch': 1.23}
{'loss': 1.0426, 'grad_norm': 15.243568420410156, 'learning_rate': 2.6310051107325383e-05, 'epoch': 1.24}
{'loss': 1.2687, 'grad_norm': 30.791259765625, 'learning_rate': 2.6258943781942078e-05, 'epoch': 1.26}
{'loss': 1.1114, 'grad_norm': 16.140037536621094, 'learning_rate': 2.6207836456558773e-05, 'epoch': 1.28}
{'loss': 1.1639, 'grad_norm': 43.43355178833008, 'learning_rate': 2.615672913117547e-05, 'epoch': 1.29}
{'loss': 1.1792, 'grad_norm': 27.10176658630371, 'learning_rate': 2.6105621805792167e-05, 'epoch': 1.31}
{'loss': 1.2335, 'grad_norm': 49.70281219482422, 'learning_rate': 2.6054514480408862e-05, 'epoch': 1.33}
{'loss': 1.0703, 'grad_norm': 22.80630874633789, 'learning_rate': 2.6003407155025557e-05, 'epoch': 1.35}
{'loss': 1.2089, 'grad_norm': 11.42827320098877, 'learning_rate': 2.5952299829642252e-05, 'epoch': 1.36}
{'loss': 1.3903, 'grad_norm': 35.11358642578125, 'learning_rate': 2.5901192504258947e-05, 'epoch': 1.38}
{'loss': 1.3714, 'grad_norm': 23.581178665161133, 'learning_rate': 2.5850085178875643e-05, 'epoch': 1.4}
{'loss': 1.0547, 'grad_norm': 16.810510635375977, 'learning_rate': 2.5798977853492334e-05, 'epoch': 1.41}
{'loss': 1.0246, 'grad_norm': 21.324111938476562, 'learning_rate': 2.574787052810903e-05, 'epoch': 1.43}
{'loss': 1.1983, 'grad_norm': 20.809240341186523, 'learning_rate': 2.5696763202725725e-05, 'epoch': 1.45}
{'loss': 1.371, 'grad_norm': 35.06184387207031, 'learning_rate': 2.564565587734242e-05, 'epoch': 1.47}
{'loss': 1.1499, 'grad_norm': 26.498554229736328, 'learning_rate': 2.5594548551959115e-05, 'epoch': 1.48}
{'loss': 1.1187, 'grad_norm': 18.033241271972656, 'learning_rate': 2.554344122657581e-05, 'epoch': 1.5}
{'loss': 0.9744, 'grad_norm': 26.49732780456543, 'learning_rate': 2.5492333901192505e-05, 'epoch': 1.52}
{'loss': 1.1549, 'grad_norm': 4.214284896850586, 'learning_rate': 2.54412265758092e-05, 'epoch': 1.53}
{'loss': 1.1109, 'grad_norm': 40.932769775390625, 'learning_rate': 2.5390119250425895e-05, 'epoch': 1.55}
{'loss': 0.9503, 'grad_norm': 29.00020980834961, 'learning_rate': 2.533901192504259e-05, 'epoch': 1.57}
{'loss': 1.0179, 'grad_norm': 25.459630966186523, 'learning_rate': 2.5287904599659286e-05, 'epoch': 1.58}
{'loss': 1.0875, 'grad_norm': 26.900758743286133, 'learning_rate': 2.523679727427598e-05, 'epoch': 1.6}
{'loss': 1.2845, 'grad_norm': 16.520164489746094, 'learning_rate': 2.5185689948892676e-05, 'epoch': 1.62}
{'loss': 0.832, 'grad_norm': 21.74371337890625, 'learning_rate': 2.513458262350937e-05, 'epoch': 1.64}
{'loss': 1.0782, 'grad_norm': 34.209877014160156, 'learning_rate': 2.5083475298126066e-05, 'epoch': 1.65}
{'loss': 1.0275, 'grad_norm': 17.741741180419922, 'learning_rate': 2.503236797274276e-05, 'epoch': 1.67}
{'loss': 1.0456, 'grad_norm': 21.01959800720215, 'learning_rate': 2.4981260647359456e-05, 'epoch': 1.69}
{'loss': 1.074, 'grad_norm': 14.6713228225708, 'learning_rate': 2.493015332197615e-05, 'epoch': 1.7}
{'loss': 0.8832, 'grad_norm': 17.747468948364258, 'learning_rate': 2.4879045996592847e-05, 'epoch': 1.72}
{'loss': 0.838, 'grad_norm': 27.876461029052734, 'learning_rate': 2.482793867120954e-05, 'epoch': 1.74}
{'loss': 0.9461, 'grad_norm': 10.703032493591309, 'learning_rate': 2.4776831345826237e-05, 'epoch': 1.75}
{'loss': 0.9715, 'grad_norm': 21.174816131591797, 'learning_rate': 2.4725724020442932e-05, 'epoch': 1.77}
{'loss': 0.9463, 'grad_norm': 14.29554271697998, 'learning_rate': 2.4674616695059627e-05, 'epoch': 1.79}
{'loss': 1.1885, 'grad_norm': 10.21628189086914, 'learning_rate': 2.4623509369676322e-05, 'epoch': 1.81}
{'loss': 0.9371, 'grad_norm': 26.096708297729492, 'learning_rate': 2.4572402044293017e-05, 'epoch': 1.82}
{'loss': 1.0698, 'grad_norm': 22.480934143066406, 'learning_rate': 2.4521294718909712e-05, 'epoch': 1.84}
{'loss': 0.9364, 'grad_norm': 44.082332611083984, 'learning_rate': 2.4470187393526408e-05, 'epoch': 1.86}
{'loss': 1.0774, 'grad_norm': 15.124009132385254, 'learning_rate': 2.4419080068143103e-05, 'epoch': 1.87}
{'loss': 1.0085, 'grad_norm': 26.73995018005371, 'learning_rate': 2.4367972742759798e-05, 'epoch': 1.89}
{'loss': 0.7556, 'grad_norm': 10.674480438232422, 'learning_rate': 2.4316865417376493e-05, 'epoch': 1.91}
{'loss': 0.5968, 'grad_norm': 6.856635093688965, 'learning_rate': 2.4265758091993188e-05, 'epoch': 1.93}
{'loss': 1.0673, 'grad_norm': 62.074005126953125, 'learning_rate': 2.4214650766609883e-05, 'epoch': 1.94}
{'loss': 0.9993, 'grad_norm': 31.739322662353516, 'learning_rate': 2.4163543441226575e-05, 'epoch': 1.96}
{'loss': 0.7763, 'grad_norm': 6.3335676193237305, 'learning_rate': 2.411243611584327e-05, 'epoch': 1.98}
{'loss': 0.9141, 'grad_norm': 29.52134132385254, 'learning_rate': 2.4061328790459965e-05, 'epoch': 1.99}
{'eval_loss': 1.525175929069519, 'eval_accuracy': 0.6137832017229002, 'eval_f1': 0.5664417638203759, 'eval_precision': 0.5490633073749573, 'eval_recall': 0.6137832017229002, 'eval_runtime': 40.8694, 'eval_samples_per_second': 34.084, 'eval_steps_per_second': 2.153, 'epoch': 2.0}
{'loss': 0.7673, 'grad_norm': 25.18128776550293, 'learning_rate': 2.401022146507666e-05, 'epoch': 2.01}
{'loss': 0.8558, 'grad_norm': 7.946769714355469, 'learning_rate': 2.3959114139693355e-05, 'epoch': 2.03}
{'loss': 0.7409, 'grad_norm': 8.617565155029297, 'learning_rate': 2.390800681431005e-05, 'epoch': 2.04}
{'loss': 0.875, 'grad_norm': 31.45060920715332, 'learning_rate': 2.3856899488926746e-05, 'epoch': 2.06}
{'loss': 0.6472, 'grad_norm': 28.06734275817871, 'learning_rate': 2.380579216354344e-05, 'epoch': 2.08}
{'loss': 0.7686, 'grad_norm': 19.46783447265625, 'learning_rate': 2.3754684838160136e-05, 'epoch': 2.1}
{'loss': 0.6198, 'grad_norm': 19.585819244384766, 'learning_rate': 2.370357751277683e-05, 'epoch': 2.11}
{'loss': 0.604, 'grad_norm': 25.657033920288086, 'learning_rate': 2.3652470187393526e-05, 'epoch': 2.13}
{'loss': 0.6772, 'grad_norm': 19.98203468322754, 'learning_rate': 2.360136286201022e-05, 'epoch': 2.15}
{'loss': 0.7838, 'grad_norm': 21.020662307739258, 'learning_rate': 2.3550255536626916e-05, 'epoch': 2.16}
{'loss': 0.7327, 'grad_norm': 8.77487850189209, 'learning_rate': 2.349914821124361e-05, 'epoch': 2.18}
{'loss': 0.5864, 'grad_norm': 30.525049209594727, 'learning_rate': 2.3448040885860307e-05, 'epoch': 2.2}
{'loss': 0.5574, 'grad_norm': 7.413772106170654, 'learning_rate': 2.3396933560477e-05, 'epoch': 2.21}
{'loss': 0.6439, 'grad_norm': 21.997825622558594, 'learning_rate': 2.3345826235093697e-05, 'epoch': 2.23}
{'loss': 0.5627, 'grad_norm': 26.375274658203125, 'learning_rate': 2.3294718909710392e-05, 'epoch': 2.25}
{'loss': 0.6343, 'grad_norm': 28.030372619628906, 'learning_rate': 2.3243611584327087e-05, 'epoch': 2.27}
{'loss': 0.6427, 'grad_norm': 14.217482566833496, 'learning_rate': 2.3192504258943782e-05, 'epoch': 2.28}
{'loss': 0.6347, 'grad_norm': 4.506690979003906, 'learning_rate': 2.3141396933560477e-05, 'epoch': 2.3}
{'loss': 0.6391, 'grad_norm': 27.8199462890625, 'learning_rate': 2.3090289608177172e-05, 'epoch': 2.32}
{'loss': 0.7371, 'grad_norm': 61.00789260864258, 'learning_rate': 2.3039182282793868e-05, 'epoch': 2.33}
{'loss': 0.5282, 'grad_norm': 4.426629543304443, 'learning_rate': 2.2988074957410563e-05, 'epoch': 2.35}
{'loss': 0.6911, 'grad_norm': 5.504046440124512, 'learning_rate': 2.2936967632027258e-05, 'epoch': 2.37}
{'loss': 0.8682, 'grad_norm': 40.89785385131836, 'learning_rate': 2.2885860306643953e-05, 'epoch': 2.39}
{'loss': 0.7665, 'grad_norm': 39.62834548950195, 'learning_rate': 2.2834752981260648e-05, 'epoch': 2.4}
{'loss': 0.8019, 'grad_norm': 27.972015380859375, 'learning_rate': 2.2783645655877343e-05, 'epoch': 2.42}
{'loss': 0.6024, 'grad_norm': 14.304162979125977, 'learning_rate': 2.2732538330494038e-05, 'epoch': 2.44}
{'loss': 0.6578, 'grad_norm': 54.76970672607422, 'learning_rate': 2.2681431005110733e-05, 'epoch': 2.45}
{'loss': 0.6963, 'grad_norm': 32.76673889160156, 'learning_rate': 2.263032367972743e-05, 'epoch': 2.47}
{'loss': 0.6034, 'grad_norm': 47.62903594970703, 'learning_rate': 2.2579216354344124e-05, 'epoch': 2.49}
{'loss': 0.6225, 'grad_norm': 20.252676010131836, 'learning_rate': 2.252810902896082e-05, 'epoch': 2.5}
{'loss': 0.7302, 'grad_norm': 12.43196964263916, 'learning_rate': 2.247700170357751e-05, 'epoch': 2.52}
{'loss': 0.9697, 'grad_norm': 45.15444564819336, 'learning_rate': 2.2425894378194206e-05, 'epoch': 2.54}
{'loss': 0.5557, 'grad_norm': 48.161922454833984, 'learning_rate': 2.23747870528109e-05, 'epoch': 2.56}
{'loss': 0.6737, 'grad_norm': 50.51390075683594, 'learning_rate': 2.2323679727427596e-05, 'epoch': 2.57}
{'loss': 0.4717, 'grad_norm': 6.462058067321777, 'learning_rate': 2.227257240204429e-05, 'epoch': 2.59}
{'loss': 0.7091, 'grad_norm': 9.653948783874512, 'learning_rate': 2.2221465076660986e-05, 'epoch': 2.61}
{'loss': 0.5942, 'grad_norm': 37.261226654052734, 'learning_rate': 2.217035775127768e-05, 'epoch': 2.62}
{'loss': 0.457, 'grad_norm': 11.113749504089355, 'learning_rate': 2.2119250425894376e-05, 'epoch': 2.64}
{'loss': 0.7771, 'grad_norm': 34.32149124145508, 'learning_rate': 2.206814310051107e-05, 'epoch': 2.66}
{'loss': 0.6727, 'grad_norm': 38.557769775390625, 'learning_rate': 2.2017035775127767e-05, 'epoch': 2.67}
{'loss': 0.5663, 'grad_norm': 18.89153289794922, 'learning_rate': 2.1965928449744462e-05, 'epoch': 2.69}
{'loss': 0.6134, 'grad_norm': 17.710906982421875, 'learning_rate': 2.1914821124361157e-05, 'epoch': 2.71}
{'loss': 0.6266, 'grad_norm': 12.666666984558105, 'learning_rate': 2.1863713798977852e-05, 'epoch': 2.73}
{'loss': 0.5471, 'grad_norm': 66.55352783203125, 'learning_rate': 2.181260647359455e-05, 'epoch': 2.74}
{'loss': 0.4577, 'grad_norm': 12.210596084594727, 'learning_rate': 2.1761499148211246e-05, 'epoch': 2.76}
{'loss': 0.5151, 'grad_norm': 57.268707275390625, 'learning_rate': 2.171039182282794e-05, 'epoch': 2.78}
{'loss': 0.6074, 'grad_norm': 31.940073013305664, 'learning_rate': 2.1659284497444636e-05, 'epoch': 2.79}
{'loss': 0.4602, 'grad_norm': 10.915481567382812, 'learning_rate': 2.160817717206133e-05, 'epoch': 2.81}
{'loss': 0.4543, 'grad_norm': 21.325830459594727, 'learning_rate': 2.1557069846678026e-05, 'epoch': 2.83}
{'loss': 0.7182, 'grad_norm': 18.11853790283203, 'learning_rate': 2.150596252129472e-05, 'epoch': 2.84}
{'loss': 0.5545, 'grad_norm': 24.727243423461914, 'learning_rate': 2.1454855195911416e-05, 'epoch': 2.86}
{'loss': 0.5209, 'grad_norm': 83.407958984375, 'learning_rate': 2.140374787052811e-05, 'epoch': 2.88}
{'loss': 0.5235, 'grad_norm': 21.32921600341797, 'learning_rate': 2.1352640545144807e-05, 'epoch': 2.9}
{'loss': 0.3725, 'grad_norm': 27.117469787597656, 'learning_rate': 2.13015332197615e-05, 'epoch': 2.91}
{'loss': 0.628, 'grad_norm': 31.9918155670166, 'learning_rate': 2.1250425894378197e-05, 'epoch': 2.93}
{'loss': 0.5038, 'grad_norm': 17.42096710205078, 'learning_rate': 2.1199318568994892e-05, 'epoch': 2.95}
{'loss': 0.4462, 'grad_norm': 18.012218475341797, 'learning_rate': 2.1148211243611587e-05, 'epoch': 2.96}
{'loss': 0.4734, 'grad_norm': 19.89809799194336, 'learning_rate': 2.1097103918228282e-05, 'epoch': 2.98}
{'loss': 0.4273, 'grad_norm': 22.597848892211914, 'learning_rate': 2.1045996592844977e-05, 'epoch': 3.0}
{'eval_loss': 1.4823216199874878, 'eval_accuracy': 0.6460875807609476, 'eval_f1': 0.61462430768125, 'eval_precision': 0.5965242705095013, 'eval_recall': 0.6460875807609476, 'eval_runtime': 40.9579, 'eval_samples_per_second': 34.011, 'eval_steps_per_second': 2.149, 'epoch': 3.0}
{'loss': 0.4485, 'grad_norm': 22.998552322387695, 'learning_rate': 2.0994889267461672e-05, 'epoch': 3.02}
{'loss': 0.354, 'grad_norm': 4.956971168518066, 'learning_rate': 2.0943781942078368e-05, 'epoch': 3.03}
{'loss': 0.506, 'grad_norm': 30.755001068115234, 'learning_rate': 2.0892674616695063e-05, 'epoch': 3.05}
{'loss': 0.5643, 'grad_norm': 23.161685943603516, 'learning_rate': 2.0841567291311758e-05, 'epoch': 3.07}
{'loss': 0.3899, 'grad_norm': 23.550216674804688, 'learning_rate': 2.079045996592845e-05, 'epoch': 3.08}
{'loss': 0.5709, 'grad_norm': 20.696964263916016, 'learning_rate': 2.0739352640545145e-05, 'epoch': 3.1}
{'loss': 0.3165, 'grad_norm': 22.098068237304688, 'learning_rate': 2.068824531516184e-05, 'epoch': 3.12}
{'loss': 0.4356, 'grad_norm': 7.545363426208496, 'learning_rate': 2.0637137989778535e-05, 'epoch': 3.13}
{'loss': 0.4483, 'grad_norm': 47.258689880371094, 'learning_rate': 2.058603066439523e-05, 'epoch': 3.15}
{'loss': 0.5187, 'grad_norm': 27.824068069458008, 'learning_rate': 2.0534923339011925e-05, 'epoch': 3.17}
{'loss': 0.3317, 'grad_norm': 8.48617172241211, 'learning_rate': 2.048381601362862e-05, 'epoch': 3.19}
{'loss': 0.4627, 'grad_norm': 11.052953720092773, 'learning_rate': 2.0432708688245315e-05, 'epoch': 3.2}
{'loss': 0.3239, 'grad_norm': 14.010223388671875, 'learning_rate': 2.038160136286201e-05, 'epoch': 3.22}
{'loss': 0.7146, 'grad_norm': 15.887770652770996, 'learning_rate': 2.0330494037478706e-05, 'epoch': 3.24}
{'loss': 0.4858, 'grad_norm': 6.497514247894287, 'learning_rate': 2.02793867120954e-05, 'epoch': 3.25}
{'loss': 0.3355, 'grad_norm': 31.075231552124023, 'learning_rate': 2.0228279386712096e-05, 'epoch': 3.27}
{'loss': 0.325, 'grad_norm': 10.103055000305176, 'learning_rate': 2.017717206132879e-05, 'epoch': 3.29}
{'loss': 0.3735, 'grad_norm': 9.998763084411621, 'learning_rate': 2.0126064735945486e-05, 'epoch': 3.3}
{'loss': 0.4793, 'grad_norm': 19.78059959411621, 'learning_rate': 2.007495741056218e-05, 'epoch': 3.32}
{'loss': 0.458, 'grad_norm': 10.069241523742676, 'learning_rate': 2.0023850085178876e-05, 'epoch': 3.34}
{'loss': 0.4619, 'grad_norm': 10.463235855102539, 'learning_rate': 1.997274275979557e-05, 'epoch': 3.36}
{'loss': 0.3409, 'grad_norm': 6.914103984832764, 'learning_rate': 1.9921635434412267e-05, 'epoch': 3.37}
{'loss': 0.5427, 'grad_norm': 29.144733428955078, 'learning_rate': 1.9870528109028962e-05, 'epoch': 3.39}
{'loss': 0.4408, 'grad_norm': 76.71318817138672, 'learning_rate': 1.9819420783645657e-05, 'epoch': 3.41}
{'loss': 0.5398, 'grad_norm': 6.298770427703857, 'learning_rate': 1.9768313458262352e-05, 'epoch': 3.42}
{'loss': 0.4165, 'grad_norm': 29.063945770263672, 'learning_rate': 1.9717206132879047e-05, 'epoch': 3.44}
{'loss': 0.336, 'grad_norm': 26.493377685546875, 'learning_rate': 1.9666098807495742e-05, 'epoch': 3.46}
{'loss': 0.4448, 'grad_norm': 33.02640151977539, 'learning_rate': 1.9614991482112437e-05, 'epoch': 3.48}
{'loss': 0.396, 'grad_norm': 32.644744873046875, 'learning_rate': 1.9563884156729132e-05, 'epoch': 3.49}
{'loss': 0.4737, 'grad_norm': 17.58078384399414, 'learning_rate': 1.9512776831345828e-05, 'epoch': 3.51}
{'loss': 0.5329, 'grad_norm': 34.555809020996094, 'learning_rate': 1.9461669505962523e-05, 'epoch': 3.53}
{'loss': 0.3797, 'grad_norm': 25.693864822387695, 'learning_rate': 1.9410562180579218e-05, 'epoch': 3.54}
{'loss': 0.3442, 'grad_norm': 83.62044525146484, 'learning_rate': 1.9359454855195913e-05, 'epoch': 3.56}
{'loss': 0.409, 'grad_norm': 13.625593185424805, 'learning_rate': 1.9308347529812608e-05, 'epoch': 3.58}
{'loss': 0.3243, 'grad_norm': 1.743444561958313, 'learning_rate': 1.9257240204429303e-05, 'epoch': 3.59}
{'loss': 0.3163, 'grad_norm': 8.779458045959473, 'learning_rate': 1.9206132879045998e-05, 'epoch': 3.61}
{'loss': 0.4853, 'grad_norm': 43.53416442871094, 'learning_rate': 1.915502555366269e-05, 'epoch': 3.63}
{'loss': 0.3703, 'grad_norm': 21.0787296295166, 'learning_rate': 1.9103918228279385e-05, 'epoch': 3.65}
{'loss': 0.4307, 'grad_norm': 138.49420166015625, 'learning_rate': 1.905281090289608e-05, 'epoch': 3.66}
{'loss': 0.343, 'grad_norm': 17.936552047729492, 'learning_rate': 1.9001703577512775e-05, 'epoch': 3.68}
{'loss': 0.2471, 'grad_norm': 16.714996337890625, 'learning_rate': 1.895059625212947e-05, 'epoch': 3.7}
{'loss': 0.2768, 'grad_norm': 57.651885986328125, 'learning_rate': 1.8899488926746166e-05, 'epoch': 3.71}
{'loss': 0.605, 'grad_norm': 21.688762664794922, 'learning_rate': 1.884838160136286e-05, 'epoch': 3.73}
{'loss': 0.4518, 'grad_norm': 42.86087417602539, 'learning_rate': 1.8797274275979556e-05, 'epoch': 3.75}
{'loss': 0.3967, 'grad_norm': 20.16319465637207, 'learning_rate': 1.874616695059625e-05, 'epoch': 3.76}
{'loss': 0.5332, 'grad_norm': 22.945213317871094, 'learning_rate': 1.8695059625212946e-05, 'epoch': 3.78}
{'loss': 0.557, 'grad_norm': 62.96299362182617, 'learning_rate': 1.864395229982964e-05, 'epoch': 3.8}
{'loss': 0.3246, 'grad_norm': 25.816709518432617, 'learning_rate': 1.8592844974446336e-05, 'epoch': 3.82}
{'loss': 0.2309, 'grad_norm': 1.0757150650024414, 'learning_rate': 1.854173764906303e-05, 'epoch': 3.83}
{'loss': 0.451, 'grad_norm': 0.9491152167320251, 'learning_rate': 1.8490630323679727e-05, 'epoch': 3.85}
{'loss': 0.2851, 'grad_norm': 23.262958526611328, 'learning_rate': 1.8439522998296422e-05, 'epoch': 3.87}
{'loss': 0.2283, 'grad_norm': 5.653069019317627, 'learning_rate': 1.8388415672913117e-05, 'epoch': 3.88}
{'loss': 0.3679, 'grad_norm': 16.301586151123047, 'learning_rate': 1.8337308347529812e-05, 'epoch': 3.9}
{'loss': 0.1788, 'grad_norm': 3.29929256439209, 'learning_rate': 1.8286201022146507e-05, 'epoch': 3.92}
{'loss': 0.2496, 'grad_norm': 89.21792602539062, 'learning_rate': 1.8235093696763202e-05, 'epoch': 3.94}
{'loss': 0.386, 'grad_norm': 0.7164780497550964, 'learning_rate': 1.8183986371379897e-05, 'epoch': 3.95}
{'loss': 0.2783, 'grad_norm': 10.120811462402344, 'learning_rate': 1.8132879045996592e-05, 'epoch': 3.97}
{'loss': 0.3797, 'grad_norm': 4.13269567489624, 'learning_rate': 1.8081771720613288e-05, 'epoch': 3.99}
{'eval_loss': 1.8153339624404907, 'eval_accuracy': 0.6353194544149318, 'eval_f1': 0.6036835369983956, 'eval_precision': 0.5874307554080642, 'eval_recall': 0.6353194544149318, 'eval_runtime': 41.6035, 'eval_samples_per_second': 33.483, 'eval_steps_per_second': 2.115, 'epoch': 4.0}
{'loss': 0.3448, 'grad_norm': 18.5230655670166, 'learning_rate': 1.8030664395229983e-05, 'epoch': 4.0}
{'loss': 0.1559, 'grad_norm': 1.739001750946045, 'learning_rate': 1.7979557069846678e-05, 'epoch': 4.02}
{'loss': 0.1547, 'grad_norm': 1.6491284370422363, 'learning_rate': 1.7928449744463373e-05, 'epoch': 4.04}
{'loss': 0.2611, 'grad_norm': 20.164838790893555, 'learning_rate': 1.7877342419080068e-05, 'epoch': 4.05}
{'loss': 0.2477, 'grad_norm': 0.3608321249485016, 'learning_rate': 1.7826235093696763e-05, 'epoch': 4.07}
{'loss': 0.2893, 'grad_norm': 1.2833757400512695, 'learning_rate': 1.777512776831346e-05, 'epoch': 4.09}
{'loss': 0.5478, 'grad_norm': 27.03070640563965, 'learning_rate': 1.7724020442930153e-05, 'epoch': 4.11}
{'loss': 0.4185, 'grad_norm': 0.767534613609314, 'learning_rate': 1.767291311754685e-05, 'epoch': 4.12}
{'loss': 0.1369, 'grad_norm': 28.78728675842285, 'learning_rate': 1.7621805792163544e-05, 'epoch': 4.14}
{'loss': 0.2271, 'grad_norm': 11.18698787689209, 'learning_rate': 1.7570698466780242e-05, 'epoch': 4.16}
{'loss': 0.1494, 'grad_norm': 4.336467266082764, 'learning_rate': 1.7519591141396937e-05, 'epoch': 4.17}
{'loss': 0.302, 'grad_norm': 52.14413833618164, 'learning_rate': 1.746848381601363e-05, 'epoch': 4.19}
{'loss': 0.3537, 'grad_norm': 21.951343536376953, 'learning_rate': 1.7417376490630324e-05, 'epoch': 4.21}
{'loss': 0.3665, 'grad_norm': 16.05398941040039, 'learning_rate': 1.736626916524702e-05, 'epoch': 4.22}
{'loss': 0.31, 'grad_norm': 30.097190856933594, 'learning_rate': 1.7315161839863714e-05, 'epoch': 4.24}
{'loss': 0.3974, 'grad_norm': 7.56395149230957, 'learning_rate': 1.726405451448041e-05, 'epoch': 4.26}
{'loss': 0.44, 'grad_norm': 24.07996940612793, 'learning_rate': 1.7212947189097105e-05, 'epoch': 4.28}
{'loss': 0.3369, 'grad_norm': 21.37510871887207, 'learning_rate': 1.71618398637138e-05, 'epoch': 4.29}
{'loss': 0.2576, 'grad_norm': 28.8001651763916, 'learning_rate': 1.7110732538330495e-05, 'epoch': 4.31}
{'loss': 0.2786, 'grad_norm': 6.637542247772217, 'learning_rate': 1.705962521294719e-05, 'epoch': 4.33}
{'loss': 0.1442, 'grad_norm': 25.1417236328125, 'learning_rate': 1.7008517887563885e-05, 'epoch': 4.34}
{'loss': 0.3124, 'grad_norm': 5.776192665100098, 'learning_rate': 1.695741056218058e-05, 'epoch': 4.36}
{'loss': 0.4781, 'grad_norm': 67.93719482421875, 'learning_rate': 1.6906303236797275e-05, 'epoch': 4.38}
{'loss': 0.2425, 'grad_norm': 132.14674377441406, 'learning_rate': 1.685519591141397e-05, 'epoch': 4.4}
{'loss': 0.3697, 'grad_norm': 0.6101368069648743, 'learning_rate': 1.6804088586030666e-05, 'epoch': 4.41}
{'loss': 0.3037, 'grad_norm': 1.4161497354507446, 'learning_rate': 1.675298126064736e-05, 'epoch': 4.43}
{'loss': 0.2348, 'grad_norm': 0.6782952547073364, 'learning_rate': 1.6701873935264056e-05, 'epoch': 4.45}
{'loss': 0.2363, 'grad_norm': 5.450899600982666, 'learning_rate': 1.665076660988075e-05, 'epoch': 4.46}
{'loss': 0.3739, 'grad_norm': 8.280016899108887, 'learning_rate': 1.6599659284497446e-05, 'epoch': 4.48}
{'loss': 0.2106, 'grad_norm': 2.296555995941162, 'learning_rate': 1.654855195911414e-05, 'epoch': 4.5}
{'loss': 0.3823, 'grad_norm': 29.10431480407715, 'learning_rate': 1.6497444633730836e-05, 'epoch': 4.51}
{'loss': 0.2996, 'grad_norm': 40.39002227783203, 'learning_rate': 1.644633730834753e-05, 'epoch': 4.53}
{'loss': 0.2997, 'grad_norm': 12.166528701782227, 'learning_rate': 1.6395229982964227e-05, 'epoch': 4.55}
{'loss': 0.2823, 'grad_norm': 0.8107356429100037, 'learning_rate': 1.6344122657580922e-05, 'epoch': 4.57}
{'loss': 0.2187, 'grad_norm': 15.244322776794434, 'learning_rate': 1.6293015332197617e-05, 'epoch': 4.58}
{'loss': 0.274, 'grad_norm': 15.354721069335938, 'learning_rate': 1.6241908006814312e-05, 'epoch': 4.6}
{'loss': 0.2891, 'grad_norm': 35.46916198730469, 'learning_rate': 1.6190800681431007e-05, 'epoch': 4.62}
{'loss': 0.2914, 'grad_norm': 2.211578130722046, 'learning_rate': 1.6139693356047702e-05, 'epoch': 4.63}
{'loss': 0.5605, 'grad_norm': 22.19709587097168, 'learning_rate': 1.6088586030664397e-05, 'epoch': 4.65}
{'loss': 0.2556, 'grad_norm': 1.936488151550293, 'learning_rate': 1.6037478705281092e-05, 'epoch': 4.67}
{'loss': 0.3493, 'grad_norm': 5.312614917755127, 'learning_rate': 1.5986371379897788e-05, 'epoch': 4.68}
{'loss': 0.2203, 'grad_norm': 37.25571060180664, 'learning_rate': 1.5935264054514483e-05, 'epoch': 4.7}
{'loss': 0.4123, 'grad_norm': 5.982998371124268, 'learning_rate': 1.5884156729131178e-05, 'epoch': 4.72}
{'loss': 0.3459, 'grad_norm': 2.3632571697235107, 'learning_rate': 1.583304940374787e-05, 'epoch': 4.74}
{'loss': 0.1116, 'grad_norm': 105.56755828857422, 'learning_rate': 1.5781942078364565e-05, 'epoch': 4.75}
{'loss': 0.2638, 'grad_norm': 17.589916229248047, 'learning_rate': 1.573083475298126e-05, 'epoch': 4.77}
{'loss': 0.2402, 'grad_norm': 70.41246032714844, 'learning_rate': 1.5679727427597955e-05, 'epoch': 4.79}
{'loss': 0.4978, 'grad_norm': 58.39336013793945, 'learning_rate': 1.562862010221465e-05, 'epoch': 4.8}
{'loss': 0.2646, 'grad_norm': 13.52332592010498, 'learning_rate': 1.5577512776831345e-05, 'epoch': 4.82}
{'loss': 0.32, 'grad_norm': 5.501059532165527, 'learning_rate': 1.552640545144804e-05, 'epoch': 4.84}
{'loss': 0.324, 'grad_norm': 40.99782943725586, 'learning_rate': 1.5475298126064735e-05, 'epoch': 4.86}
{'loss': 0.2554, 'grad_norm': 26.1923770904541, 'learning_rate': 1.542419080068143e-05, 'epoch': 4.87}
{'loss': 0.3098, 'grad_norm': 22.956079483032227, 'learning_rate': 1.5373083475298126e-05, 'epoch': 4.89}
{'loss': 0.2565, 'grad_norm': 51.65380096435547, 'learning_rate': 1.532197614991482e-05, 'epoch': 4.91}
{'loss': 0.215, 'grad_norm': 23.1593017578125, 'learning_rate': 1.5270868824531516e-05, 'epoch': 4.92}
{'loss': 0.1316, 'grad_norm': 10.04422664642334, 'learning_rate': 1.5219761499148211e-05, 'epoch': 4.94}
{'loss': 0.3629, 'grad_norm': 2.826073169708252, 'learning_rate': 1.5168654173764906e-05, 'epoch': 4.96}
{'loss': 0.3664, 'grad_norm': 32.281917572021484, 'learning_rate': 1.5117546848381601e-05, 'epoch': 4.97}
{'loss': 0.276, 'grad_norm': 80.42191314697266, 'learning_rate': 1.5066439522998296e-05, 'epoch': 4.99}
{'eval_loss': 1.963122010231018, 'eval_accuracy': 0.6353194544149318, 'eval_f1': 0.6024073789455667, 'eval_precision': 0.589153216901652, 'eval_recall': 0.6353194544149318, 'eval_runtime': 41.1063, 'eval_samples_per_second': 33.888, 'eval_steps_per_second': 2.141, 'epoch': 5.0}
{'loss': 0.233, 'grad_norm': 13.989842414855957, 'learning_rate': 1.5015332197614992e-05, 'epoch': 5.01}
{'loss': 0.203, 'grad_norm': 15.808563232421875, 'learning_rate': 1.4964224872231687e-05, 'epoch': 5.03}
{'loss': 0.2632, 'grad_norm': 12.320435523986816, 'learning_rate': 1.4913117546848382e-05, 'epoch': 5.04}
{'loss': 0.0764, 'grad_norm': 0.3896065652370453, 'learning_rate': 1.4862010221465077e-05, 'epoch': 5.06}
{'loss': 0.3267, 'grad_norm': 0.1840512901544571, 'learning_rate': 1.4810902896081772e-05, 'epoch': 5.08}
{'loss': 0.2541, 'grad_norm': 2.9139950275421143, 'learning_rate': 1.4759795570698467e-05, 'epoch': 5.09}
{'loss': 0.3513, 'grad_norm': 31.213985443115234, 'learning_rate': 1.4708688245315162e-05, 'epoch': 5.11}
{'loss': 0.2188, 'grad_norm': 2.3903589248657227, 'learning_rate': 1.4657580919931857e-05, 'epoch': 5.13}
{'loss': 0.2267, 'grad_norm': 9.067612648010254, 'learning_rate': 1.4606473594548552e-05, 'epoch': 5.14}
{'loss': 0.232, 'grad_norm': 0.9558387994766235, 'learning_rate': 1.4555366269165246e-05, 'epoch': 5.16}
{'loss': 0.1895, 'grad_norm': 4.006117820739746, 'learning_rate': 1.4504258943781941e-05, 'epoch': 5.18}
{'loss': 0.0877, 'grad_norm': 18.631296157836914, 'learning_rate': 1.4453151618398636e-05, 'epoch': 5.2}
{'loss': 0.0734, 'grad_norm': 0.6515679955482483, 'learning_rate': 1.4402044293015331e-05, 'epoch': 5.21}
{'loss': 0.2119, 'grad_norm': 31.443437576293945, 'learning_rate': 1.4350936967632028e-05, 'epoch': 5.23}
{'loss': 0.3868, 'grad_norm': 91.3141098022461, 'learning_rate': 1.4299829642248723e-05, 'epoch': 5.25}
{'loss': 0.2631, 'grad_norm': 19.602096557617188, 'learning_rate': 1.4248722316865418e-05, 'epoch': 5.26}
{'loss': 0.1194, 'grad_norm': 2.082087278366089, 'learning_rate': 1.4197614991482113e-05, 'epoch': 5.28}
{'loss': 0.1844, 'grad_norm': 6.187730312347412, 'learning_rate': 1.4146507666098809e-05, 'epoch': 5.3}
{'loss': 0.2381, 'grad_norm': 22.866994857788086, 'learning_rate': 1.4095400340715504e-05, 'epoch': 5.32}
{'loss': 0.2889, 'grad_norm': 1.9205083847045898, 'learning_rate': 1.4044293015332199e-05, 'epoch': 5.33}
{'loss': 0.2099, 'grad_norm': 5.7786335945129395, 'learning_rate': 1.3993185689948894e-05, 'epoch': 5.35}
{'loss': 0.3411, 'grad_norm': 18.169363021850586, 'learning_rate': 1.3942078364565589e-05, 'epoch': 5.37}
{'loss': 0.383, 'grad_norm': 82.06986999511719, 'learning_rate': 1.3890971039182284e-05, 'epoch': 5.38}
{'loss': 0.1818, 'grad_norm': 0.28796058893203735, 'learning_rate': 1.383986371379898e-05, 'epoch': 5.4}
{'loss': 0.2156, 'grad_norm': 0.7274393439292908, 'learning_rate': 1.3788756388415674e-05, 'epoch': 5.42}
{'loss': 0.1121, 'grad_norm': 0.1946374922990799, 'learning_rate': 1.3737649063032368e-05, 'epoch': 5.43}
{'loss': 0.2333, 'grad_norm': 32.99338912963867, 'learning_rate': 1.3686541737649063e-05, 'epoch': 5.45}
{'loss': 0.3563, 'grad_norm': 40.26895523071289, 'learning_rate': 1.3635434412265758e-05, 'epoch': 5.47}
{'loss': 0.1302, 'grad_norm': 1.0627892017364502, 'learning_rate': 1.3584327086882453e-05, 'epoch': 5.49}
{'loss': 0.2042, 'grad_norm': 28.00359535217285, 'learning_rate': 1.3533219761499148e-05, 'epoch': 5.5}
{'loss': 0.1956, 'grad_norm': 1.8207287788391113, 'learning_rate': 1.3482112436115843e-05, 'epoch': 5.52}
{'loss': 0.2083, 'grad_norm': 3.2634150981903076, 'learning_rate': 1.3431005110732539e-05, 'epoch': 5.54}
{'loss': 0.2699, 'grad_norm': 0.18001951277256012, 'learning_rate': 1.3379897785349234e-05, 'epoch': 5.55}
{'loss': 0.2152, 'grad_norm': 0.5160223245620728, 'learning_rate': 1.3328790459965929e-05, 'epoch': 5.57}
{'loss': 0.1891, 'grad_norm': 12.176068305969238, 'learning_rate': 1.3277683134582624e-05, 'epoch': 5.59}
{'loss': 0.2799, 'grad_norm': 52.815269470214844, 'learning_rate': 1.3226575809199319e-05, 'epoch': 5.6}
{'loss': 0.1607, 'grad_norm': 0.1742512583732605, 'learning_rate': 1.3175468483816014e-05, 'epoch': 5.62}
{'loss': 0.176, 'grad_norm': 78.92483520507812, 'learning_rate': 1.312436115843271e-05, 'epoch': 5.64}
{'loss': 0.2934, 'grad_norm': 0.12307480722665787, 'learning_rate': 1.3073253833049404e-05, 'epoch': 5.66}
{'loss': 0.3877, 'grad_norm': 9.936408042907715, 'learning_rate': 1.30221465076661e-05, 'epoch': 5.67}
{'loss': 0.0892, 'grad_norm': 0.1562051773071289, 'learning_rate': 1.2971039182282795e-05, 'epoch': 5.69}
{'loss': 0.1541, 'grad_norm': 0.14207759499549866, 'learning_rate': 1.291993185689949e-05, 'epoch': 5.71}
{'loss': 0.2488, 'grad_norm': 1.977940320968628, 'learning_rate': 1.2868824531516183e-05, 'epoch': 5.72}
{'loss': 0.1545, 'grad_norm': 10.34437084197998, 'learning_rate': 1.2817717206132878e-05, 'epoch': 5.74}
{'loss': 0.1144, 'grad_norm': 14.914961814880371, 'learning_rate': 1.2766609880749573e-05, 'epoch': 5.76}
{'loss': 0.2493, 'grad_norm': 0.17258474230766296, 'learning_rate': 1.27206132879046e-05, 'epoch': 5.78}
{'loss': 0.1773, 'grad_norm': 13.714738845825195, 'learning_rate': 1.2669505962521295e-05, 'epoch': 5.79}
{'loss': 0.2408, 'grad_norm': 18.345144271850586, 'learning_rate': 1.261839863713799e-05, 'epoch': 5.81}
{'loss': 0.1905, 'grad_norm': 77.80831146240234, 'learning_rate': 1.2567291311754685e-05, 'epoch': 5.83}
{'loss': 0.1357, 'grad_norm': 7.684444427490234, 'learning_rate': 1.251618398637138e-05, 'epoch': 5.84}
{'loss': 0.2059, 'grad_norm': 133.2300567626953, 'learning_rate': 1.2465076660988076e-05, 'epoch': 5.86}
{'loss': 0.333, 'grad_norm': 52.462684631347656, 'learning_rate': 1.241396933560477e-05, 'epoch': 5.88}
{'loss': 0.2375, 'grad_norm': 1.1377507448196411, 'learning_rate': 1.2362862010221466e-05, 'epoch': 5.89}
{'loss': 0.2895, 'grad_norm': 0.7448561787605286, 'learning_rate': 1.2311754684838161e-05, 'epoch': 5.91}
{'loss': 0.2853, 'grad_norm': 21.285594940185547, 'learning_rate': 1.2260647359454856e-05, 'epoch': 5.93}
{'loss': 0.2239, 'grad_norm': 12.420992851257324, 'learning_rate': 1.2209540034071551e-05, 'epoch': 5.95}
{'loss': 0.2165, 'grad_norm': 49.62005615234375, 'learning_rate': 1.2158432708688246e-05, 'epoch': 5.96}
{'loss': 0.0761, 'grad_norm': 0.18044129014015198, 'learning_rate': 1.2107325383304942e-05, 'epoch': 5.98}
{'loss': 0.1603, 'grad_norm': 1.4805872440338135, 'learning_rate': 1.2056218057921635e-05, 'epoch': 6.0}
{'eval_loss': 2.128859758377075, 'eval_accuracy': 0.6216798277099784, 'eval_f1': 0.6034715884010909, 'eval_precision': 0.595377532472226, 'eval_recall': 0.6216798277099784, 'eval_runtime': 40.1755, 'eval_samples_per_second': 34.673, 'eval_steps_per_second': 2.19, 'epoch': 6.0}
{'loss': 0.0601, 'grad_norm': 65.82395935058594, 'learning_rate': 1.200511073253833e-05, 'epoch': 6.01}
{'loss': 0.1107, 'grad_norm': 1.9491245746612549, 'learning_rate': 1.1954003407155025e-05, 'epoch': 6.03}
{'loss': 0.2661, 'grad_norm': 5.825267314910889, 'learning_rate': 1.190289608177172e-05, 'epoch': 6.05}
{'loss': 0.2039, 'grad_norm': 2.074202299118042, 'learning_rate': 1.1851788756388415e-05, 'epoch': 6.06}
{'loss': 0.2936, 'grad_norm': 35.97947311401367, 'learning_rate': 1.180068143100511e-05, 'epoch': 6.08}
{'loss': 0.1054, 'grad_norm': 6.224635601043701, 'learning_rate': 1.1749574105621806e-05, 'epoch': 6.1}
{'loss': 0.1314, 'grad_norm': 16.74195098876953, 'learning_rate': 1.16984667802385e-05, 'epoch': 6.12}
{'loss': 0.1642, 'grad_norm': 48.8729362487793, 'learning_rate': 1.1647359454855196e-05, 'epoch': 6.13}
{'loss': 0.1768, 'grad_norm': 0.27798596024513245, 'learning_rate': 1.1596252129471891e-05, 'epoch': 6.15}
{'loss': 0.0278, 'grad_norm': 3.789597749710083, 'learning_rate': 1.1545144804088586e-05, 'epoch': 6.17}
{'loss': 0.3065, 'grad_norm': 22.806838989257812, 'learning_rate': 1.1494037478705281e-05, 'epoch': 6.18}
{'loss': 0.168, 'grad_norm': 16.230308532714844, 'learning_rate': 1.1442930153321976e-05, 'epoch': 6.2}
{'loss': 0.1774, 'grad_norm': 1.0145790576934814, 'learning_rate': 1.1391822827938672e-05, 'epoch': 6.22}
{'loss': 0.0521, 'grad_norm': 0.22935886681079865, 'learning_rate': 1.1340715502555367e-05, 'epoch': 6.24}
{'loss': 0.2014, 'grad_norm': 0.1688828319311142, 'learning_rate': 1.1289608177172062e-05, 'epoch': 6.25}
{'loss': 0.1975, 'grad_norm': 4.249386310577393, 'learning_rate': 1.1238500851788755e-05, 'epoch': 6.27}
{'loss': 0.1259, 'grad_norm': 13.597127914428711, 'learning_rate': 1.118739352640545e-05, 'epoch': 6.29}
{'loss': 0.1633, 'grad_norm': 3.011566162109375, 'learning_rate': 1.1136286201022145e-05, 'epoch': 6.3}
{'loss': 0.1892, 'grad_norm': 2.1512441635131836, 'learning_rate': 1.108517887563884e-05, 'epoch': 6.32}
{'loss': 0.1818, 'grad_norm': 2.8056468963623047, 'learning_rate': 1.1034071550255536e-05, 'epoch': 6.34}
{'loss': 0.1066, 'grad_norm': 0.15832272171974182, 'learning_rate': 1.0982964224872231e-05, 'epoch': 6.35}
{'loss': 0.0998, 'grad_norm': 0.23599621653556824, 'learning_rate': 1.0931856899488926e-05, 'epoch': 6.37}
{'loss': 0.1601, 'grad_norm': 0.13698285818099976, 'learning_rate': 1.0880749574105623e-05, 'epoch': 6.39}
{'loss': 0.1358, 'grad_norm': 0.11918554455041885, 'learning_rate': 1.0829642248722318e-05, 'epoch': 6.41}
{'loss': 0.0828, 'grad_norm': 6.28372049331665, 'learning_rate': 1.0778534923339013e-05, 'epoch': 6.42}
{'loss': 0.1501, 'grad_norm': 1.3656085729599, 'learning_rate': 1.0727427597955708e-05, 'epoch': 6.44}
{'loss': 0.1383, 'grad_norm': 0.11433777213096619, 'learning_rate': 1.0676320272572403e-05, 'epoch': 6.46}
{'loss': 0.1961, 'grad_norm': 2.6309854984283447, 'learning_rate': 1.0625212947189098e-05, 'epoch': 6.47}
{'loss': 0.2525, 'grad_norm': 0.10643860697746277, 'learning_rate': 1.0574105621805794e-05, 'epoch': 6.49}
{'loss': 0.3506, 'grad_norm': 50.081626892089844, 'learning_rate': 1.0522998296422489e-05, 'epoch': 6.51}
{'loss': 0.2232, 'grad_norm': 24.400676727294922, 'learning_rate': 1.0471890971039184e-05, 'epoch': 6.52}
{'loss': 0.1596, 'grad_norm': 0.4359702169895172, 'learning_rate': 1.0420783645655879e-05, 'epoch': 6.54}
{'loss': 0.174, 'grad_norm': 0.30868396162986755, 'learning_rate': 1.0369676320272572e-05, 'epoch': 6.56}
{'loss': 0.1088, 'grad_norm': 13.432077407836914, 'learning_rate': 1.0318568994889267e-05, 'epoch': 6.58}
{'loss': 0.3384, 'grad_norm': 23.715740203857422, 'learning_rate': 1.0267461669505963e-05, 'epoch': 6.59}
{'loss': 0.4011, 'grad_norm': 15.711380004882812, 'learning_rate': 1.0216354344122658e-05, 'epoch': 6.61}
{'loss': 0.3246, 'grad_norm': 10.732033729553223, 'learning_rate': 1.0165247018739353e-05, 'epoch': 6.63}
{'loss': 0.0886, 'grad_norm': 39.03586959838867, 'learning_rate': 1.0114139693356048e-05, 'epoch': 6.64}
{'loss': 0.0938, 'grad_norm': 0.2308049350976944, 'learning_rate': 1.0063032367972743e-05, 'epoch': 6.66}
{'loss': 0.2038, 'grad_norm': 58.76766586303711, 'learning_rate': 1.0011925042589438e-05, 'epoch': 6.68}
{'loss': 0.242, 'grad_norm': 76.66241455078125, 'learning_rate': 9.960817717206133e-06, 'epoch': 6.7}
{'loss': 0.226, 'grad_norm': 0.16996043920516968, 'learning_rate': 9.909710391822828e-06, 'epoch': 6.71}
{'loss': 0.035, 'grad_norm': 0.1203341856598854, 'learning_rate': 9.858603066439524e-06, 'epoch': 6.73}
{'loss': 0.1452, 'grad_norm': 0.18677739799022675, 'learning_rate': 9.807495741056219e-06, 'epoch': 6.75}
{'loss': 0.2485, 'grad_norm': 34.148597717285156, 'learning_rate': 9.756388415672914e-06, 'epoch': 6.76}
{'loss': 0.0972, 'grad_norm': 0.9623993039131165, 'learning_rate': 9.705281090289609e-06, 'epoch': 6.78}
{'loss': 0.1078, 'grad_norm': 8.303071022033691, 'learning_rate': 9.654173764906304e-06, 'epoch': 6.8}
{'loss': 0.2474, 'grad_norm': 50.897308349609375, 'learning_rate': 9.603066439522999e-06, 'epoch': 6.81}
{'loss': 0.0926, 'grad_norm': 5.567418575286865, 'learning_rate': 9.551959114139693e-06, 'epoch': 6.83}
{'loss': 0.0991, 'grad_norm': 0.2850227952003479, 'learning_rate': 9.500851788756388e-06, 'epoch': 6.85}
{'loss': 0.113, 'grad_norm': 6.965538024902344, 'learning_rate': 9.449744463373083e-06, 'epoch': 6.87}
{'loss': 0.0156, 'grad_norm': 0.6093873381614685, 'learning_rate': 9.398637137989778e-06, 'epoch': 6.88}
{'loss': 0.2186, 'grad_norm': 110.70059204101562, 'learning_rate': 9.347529812606473e-06, 'epoch': 6.9}
{'loss': 0.1369, 'grad_norm': 49.798072814941406, 'learning_rate': 9.296422487223168e-06, 'epoch': 6.92}
{'loss': 0.1542, 'grad_norm': 6.083350658416748, 'learning_rate': 9.245315161839863e-06, 'epoch': 6.93}
{'loss': 0.1499, 'grad_norm': 15.450699806213379, 'learning_rate': 9.194207836456558e-06, 'epoch': 6.95}
{'loss': 0.0947, 'grad_norm': 14.927319526672363, 'learning_rate': 9.143100511073254e-06, 'epoch': 6.97}
{'loss': 0.309, 'grad_norm': 2.6720776557922363, 'learning_rate': 9.091993185689949e-06, 'epoch': 6.98}
{'eval_loss': 2.2401652336120605, 'eval_accuracy': 0.6259870782483847, 'eval_f1': 0.6058775449176368, 'eval_precision': 0.6088603598853551, 'eval_recall': 0.6259870782483847, 'eval_runtime': 39.5345, 'eval_samples_per_second': 35.235, 'eval_steps_per_second': 2.226, 'epoch': 7.0}
{'loss': 0.0832, 'grad_norm': 27.1299991607666, 'learning_rate': 9.040885860306644e-06, 'epoch': 7.0}
{'loss': 0.3061, 'grad_norm': 0.21886791288852692, 'learning_rate': 8.989778534923339e-06, 'epoch': 7.02}
{'loss': 0.1055, 'grad_norm': 2.1139583587646484, 'learning_rate': 8.938671209540034e-06, 'epoch': 7.04}
{'loss': 0.1581, 'grad_norm': 0.22892631590366364, 'learning_rate': 8.88756388415673e-06, 'epoch': 7.05}
{'loss': 0.084, 'grad_norm': 10.5115966796875, 'learning_rate': 8.836456558773424e-06, 'epoch': 7.07}
{'loss': 0.1748, 'grad_norm': 0.09710879623889923, 'learning_rate': 8.785349233390121e-06, 'epoch': 7.09}
{'loss': 0.0374, 'grad_norm': 0.11076342314481735, 'learning_rate': 8.734241908006815e-06, 'epoch': 7.1}
{'loss': 0.2101, 'grad_norm': 0.08295059204101562, 'learning_rate': 8.68313458262351e-06, 'epoch': 7.12}
{'loss': 0.1607, 'grad_norm': 0.07821458578109741, 'learning_rate': 8.632027257240205e-06, 'epoch': 7.14}
{'loss': 0.1373, 'grad_norm': 1.9846980571746826, 'learning_rate': 8.5809199318569e-06, 'epoch': 7.16}
{'loss': 0.0492, 'grad_norm': 0.12337568402290344, 'learning_rate': 8.529812606473595e-06, 'epoch': 7.17}
{'loss': 0.1616, 'grad_norm': 9.093099594116211, 'learning_rate': 8.47870528109029e-06, 'epoch': 7.19}
{'loss': 0.1812, 'grad_norm': 11.76430892944336, 'learning_rate': 8.427597955706985e-06, 'epoch': 7.21}
{'loss': 0.0698, 'grad_norm': 0.14838378131389618, 'learning_rate': 8.37649063032368e-06, 'epoch': 7.22}
{'loss': 0.1109, 'grad_norm': 0.07573828101158142, 'learning_rate': 8.325383304940375e-06, 'epoch': 7.24}
{'loss': 0.1704, 'grad_norm': 19.10828399658203, 'learning_rate': 8.27427597955707e-06, 'epoch': 7.26}
{'loss': 0.2206, 'grad_norm': 76.98258972167969, 'learning_rate': 8.223168654173766e-06, 'epoch': 7.27}
{'loss': 0.1124, 'grad_norm': 84.16907501220703, 'learning_rate': 8.172061328790461e-06, 'epoch': 7.29}
{'loss': 0.1628, 'grad_norm': 16.922632217407227, 'learning_rate': 8.120954003407156e-06, 'epoch': 7.31}
{'loss': 0.1268, 'grad_norm': 0.10394121706485748, 'learning_rate': 8.069846678023851e-06, 'epoch': 7.33}
{'loss': 0.0904, 'grad_norm': 11.851349830627441, 'learning_rate': 8.018739352640546e-06, 'epoch': 7.34}
{'loss': 0.1576, 'grad_norm': 50.56015396118164, 'learning_rate': 7.967632027257241e-06, 'epoch': 7.36}
{'loss': 0.1107, 'grad_norm': 12.231522560119629, 'learning_rate': 7.916524701873935e-06, 'epoch': 7.38}
{'loss': 0.4097, 'grad_norm': 1.241020679473877, 'learning_rate': 7.86541737649063e-06, 'epoch': 7.39}
{'loss': 0.1386, 'grad_norm': 0.15097321569919586, 'learning_rate': 7.814310051107325e-06, 'epoch': 7.41}
{'loss': 0.2451, 'grad_norm': 5.360278129577637, 'learning_rate': 7.76320272572402e-06, 'epoch': 7.43}
{'loss': 0.0595, 'grad_norm': 4.072476863861084, 'learning_rate': 7.712095400340715e-06, 'epoch': 7.44}
{'loss': 0.0555, 'grad_norm': 2.7577497959136963, 'learning_rate': 7.66098807495741e-06, 'epoch': 7.46}
{'loss': 0.1642, 'grad_norm': 7.688547611236572, 'learning_rate': 7.6098807495741055e-06, 'epoch': 7.48}
{'loss': 0.1916, 'grad_norm': 36.972896575927734, 'learning_rate': 7.558773424190801e-06, 'epoch': 7.5}
{'loss': 0.2542, 'grad_norm': 0.08465516567230225, 'learning_rate': 7.507666098807496e-06, 'epoch': 7.51}
{'loss': 0.0654, 'grad_norm': 0.07069486379623413, 'learning_rate': 7.456558773424191e-06, 'epoch': 7.53}
{'loss': 0.1349, 'grad_norm': 4.015773296356201, 'learning_rate': 7.405451448040886e-06, 'epoch': 7.55}
{'loss': 0.0132, 'grad_norm': 0.22442542016506195, 'learning_rate': 7.354344122657581e-06, 'epoch': 7.56}
{'loss': 0.1175, 'grad_norm': 0.21860891580581665, 'learning_rate': 7.303236797274276e-06, 'epoch': 7.58}
{'loss': 0.0717, 'grad_norm': 70.64740753173828, 'learning_rate': 7.2521294718909705e-06, 'epoch': 7.6}
{'loss': 0.1339, 'grad_norm': 0.6985428333282471, 'learning_rate': 7.201022146507666e-06, 'epoch': 7.61}
{'loss': 0.1229, 'grad_norm': 32.45612716674805, 'learning_rate': 7.149914821124362e-06, 'epoch': 7.63}
{'loss': 0.139, 'grad_norm': 95.58007049560547, 'learning_rate': 7.098807495741057e-06, 'epoch': 7.65}
{'loss': 0.0824, 'grad_norm': 42.984413146972656, 'learning_rate': 7.047700170357752e-06, 'epoch': 7.67}
{'loss': 0.1405, 'grad_norm': 0.0721268579363823, 'learning_rate': 6.996592844974447e-06, 'epoch': 7.68}
{'loss': 0.2206, 'grad_norm': 0.7742664217948914, 'learning_rate': 6.945485519591142e-06, 'epoch': 7.7}
{'loss': 0.1559, 'grad_norm': 0.5529756546020508, 'learning_rate': 6.894378194207837e-06, 'epoch': 7.72}
{'loss': 0.1694, 'grad_norm': 2.697099447250366, 'learning_rate': 6.8432708688245315e-06, 'epoch': 7.73}
{'loss': 0.161, 'grad_norm': 46.87550354003906, 'learning_rate': 6.792163543441227e-06, 'epoch': 7.75}
{'loss': 0.145, 'grad_norm': 5.590625762939453, 'learning_rate': 6.741056218057922e-06, 'epoch': 7.77}
{'loss': 0.1233, 'grad_norm': 0.10784049332141876, 'learning_rate': 6.689948892674617e-06, 'epoch': 7.79}
{'loss': 0.0614, 'grad_norm': 11.956293106079102, 'learning_rate': 6.638841567291312e-06, 'epoch': 7.8}
{'loss': 0.1035, 'grad_norm': 25.175399780273438, 'learning_rate': 6.587734241908007e-06, 'epoch': 7.82}
{'loss': 0.0589, 'grad_norm': 0.09102972596883774, 'learning_rate': 6.536626916524702e-06, 'epoch': 7.84}
{'loss': 0.0844, 'grad_norm': 43.18513488769531, 'learning_rate': 6.485519591141397e-06, 'epoch': 7.85}
{'loss': 0.0814, 'grad_norm': 0.24963243305683136, 'learning_rate': 6.434412265758092e-06, 'epoch': 7.87}
{'loss': 0.2416, 'grad_norm': 2.002810478210449, 'learning_rate': 6.383304940374787e-06, 'epoch': 7.89}
{'loss': 0.0859, 'grad_norm': 0.0664474293589592, 'learning_rate': 6.332197614991482e-06, 'epoch': 7.9}
{'loss': 0.0982, 'grad_norm': 167.40090942382812, 'learning_rate': 6.281090289608177e-06, 'epoch': 7.92}
{'loss': 0.1172, 'grad_norm': 3.6624488830566406, 'learning_rate': 6.229982964224872e-06, 'epoch': 7.94}
{'loss': 0.1236, 'grad_norm': 22.758655548095703, 'learning_rate': 6.178875638841567e-06, 'epoch': 7.96}
{'loss': 0.1804, 'grad_norm': 10.544564247131348, 'learning_rate': 6.127768313458262e-06, 'epoch': 7.97}
{'loss': 0.2393, 'grad_norm': 1.9831039905548096, 'learning_rate': 6.076660988074958e-06, 'epoch': 7.99}
{'eval_loss': 2.1881604194641113, 'eval_accuracy': 0.6360373295046662, 'eval_f1': 0.6087535108685261, 'eval_precision': 0.6028859006707619, 'eval_recall': 0.6360373295046662, 'eval_runtime': 39.6589, 'eval_samples_per_second': 35.125, 'eval_steps_per_second': 2.219, 'epoch': 8.0}
{'loss': 0.0393, 'grad_norm': 0.5157200694084167, 'learning_rate': 6.025553662691653e-06, 'epoch': 8.01}
{'loss': 0.0802, 'grad_norm': 0.10186993330717087, 'learning_rate': 5.974446337308348e-06, 'epoch': 8.02}
{'loss': 0.1176, 'grad_norm': 0.3068642318248749, 'learning_rate': 5.923339011925043e-06, 'epoch': 8.04}
{'loss': 0.1368, 'grad_norm': 16.402549743652344, 'learning_rate': 5.872231686541738e-06, 'epoch': 8.06}
{'loss': 0.1701, 'grad_norm': 10.109296798706055, 'learning_rate': 5.821124361158433e-06, 'epoch': 8.07}
{'loss': 0.1536, 'grad_norm': 46.731842041015625, 'learning_rate': 5.770017035775128e-06, 'epoch': 8.09}
{'loss': 0.1787, 'grad_norm': 0.13330812752246857, 'learning_rate': 5.718909710391823e-06, 'epoch': 8.11}
{'loss': 0.0623, 'grad_norm': 0.10444026440382004, 'learning_rate': 5.6678023850085184e-06, 'epoch': 8.13}
{'loss': 0.1019, 'grad_norm': 0.09506002813577652, 'learning_rate': 5.616695059625213e-06, 'epoch': 8.14}
{'loss': 0.0607, 'grad_norm': 0.14948980510234833, 'learning_rate': 5.565587734241908e-06, 'epoch': 8.16}
{'loss': 0.0122, 'grad_norm': 0.07327830791473389, 'learning_rate': 5.514480408858603e-06, 'epoch': 8.18}
{'loss': 0.1747, 'grad_norm': 0.11113646626472473, 'learning_rate': 5.463373083475298e-06, 'epoch': 8.19}
{'loss': 0.0062, 'grad_norm': 0.07534578442573547, 'learning_rate': 5.412265758091993e-06, 'epoch': 8.21}
{'loss': 0.0958, 'grad_norm': 0.06314781308174133, 'learning_rate': 5.361158432708688e-06, 'epoch': 8.23}
{'loss': 0.0601, 'grad_norm': 28.316553115844727, 'learning_rate': 5.3100511073253834e-06, 'epoch': 8.25}
{'loss': 0.2162, 'grad_norm': 16.464494705200195, 'learning_rate': 5.2589437819420786e-06, 'epoch': 8.26}
{'loss': 0.2043, 'grad_norm': 2.022709369659424, 'learning_rate': 5.207836456558774e-06, 'epoch': 8.28}
{'loss': 0.2306, 'grad_norm': 1.9040892124176025, 'learning_rate': 5.156729131175468e-06, 'epoch': 8.3}
{'loss': 0.0533, 'grad_norm': 0.06874442100524902, 'learning_rate': 5.105621805792163e-06, 'epoch': 8.31}
{'loss': 0.0793, 'grad_norm': 0.09611589461565018, 'learning_rate': 5.054514480408858e-06, 'epoch': 8.33}
{'loss': 0.1281, 'grad_norm': 1.9412323236465454, 'learning_rate': 5.003407155025554e-06, 'epoch': 8.35}
{'loss': 0.0808, 'grad_norm': 20.00265884399414, 'learning_rate': 4.952299829642249e-06, 'epoch': 8.36}
{'loss': 0.136, 'grad_norm': 0.06540346890687943, 'learning_rate': 4.9011925042589444e-06, 'epoch': 8.38}
{'loss': 0.2277, 'grad_norm': 76.1690444946289, 'learning_rate': 4.8500851788756395e-06, 'epoch': 8.4}
{'loss': 0.1278, 'grad_norm': 2.494968891143799, 'learning_rate': 4.798977853492335e-06, 'epoch': 8.42}
{'loss': 0.1282, 'grad_norm': 21.958045959472656, 'learning_rate': 4.747870528109029e-06, 'epoch': 8.43}
{'loss': 0.1495, 'grad_norm': 5.225901126861572, 'learning_rate': 4.696763202725724e-06, 'epoch': 8.45}
{'loss': 0.0785, 'grad_norm': 0.12686629593372345, 'learning_rate': 4.645655877342419e-06, 'epoch': 8.47}
{'loss': 0.0492, 'grad_norm': 0.6058533787727356, 'learning_rate': 4.594548551959114e-06, 'epoch': 8.48}
{'loss': 0.0591, 'grad_norm': 0.1525905579328537, 'learning_rate': 4.5434412265758094e-06, 'epoch': 8.5}
{'loss': 0.0355, 'grad_norm': 0.2844996154308319, 'learning_rate': 4.4923339011925046e-06, 'epoch': 8.52}
{'loss': 0.201, 'grad_norm': 86.68441009521484, 'learning_rate': 4.4412265758092e-06, 'epoch': 8.53}
{'loss': 0.1029, 'grad_norm': 0.19374224543571472, 'learning_rate': 4.390119250425895e-06, 'epoch': 8.55}
{'loss': 0.0331, 'grad_norm': 0.1325242966413498, 'learning_rate': 4.339011925042589e-06, 'epoch': 8.57}
{'loss': 0.0128, 'grad_norm': 0.07061787694692612, 'learning_rate': 4.287904599659284e-06, 'epoch': 8.59}
{'loss': 0.133, 'grad_norm': 6.9902424812316895, 'learning_rate': 4.236797274275979e-06, 'epoch': 8.6}
{'loss': 0.0355, 'grad_norm': 0.07693183422088623, 'learning_rate': 4.1856899488926744e-06, 'epoch': 8.62}
{'loss': 0.1078, 'grad_norm': 3.2814626693725586, 'learning_rate': 4.1345826235093696e-06, 'epoch': 8.64}
{'loss': 0.1598, 'grad_norm': 12.3640775680542, 'learning_rate': 4.083475298126065e-06, 'epoch': 8.65}
{'loss': 0.1341, 'grad_norm': 0.1698387712240219, 'learning_rate': 4.03236797274276e-06, 'epoch': 8.67}
{'loss': 0.0602, 'grad_norm': 0.05203551799058914, 'learning_rate': 3.981260647359455e-06, 'epoch': 8.69}
{'loss': 0.0113, 'grad_norm': 0.11161792278289795, 'learning_rate': 3.93015332197615e-06, 'epoch': 8.71}
{'loss': 0.0811, 'grad_norm': 2.078784465789795, 'learning_rate': 3.879045996592845e-06, 'epoch': 8.72}
{'loss': 0.0693, 'grad_norm': 3.4099481105804443, 'learning_rate': 3.82793867120954e-06, 'epoch': 8.74}
{'loss': 0.0578, 'grad_norm': 20.453784942626953, 'learning_rate': 3.7768313458262354e-06, 'epoch': 8.76}
{'loss': 0.103, 'grad_norm': 26.180953979492188, 'learning_rate': 3.72572402044293e-06, 'epoch': 8.77}
{'loss': 0.0901, 'grad_norm': 0.7917392253875732, 'learning_rate': 3.6746166950596257e-06, 'epoch': 8.79}
{'loss': 0.0054, 'grad_norm': 0.13771364092826843, 'learning_rate': 3.6235093696763204e-06, 'epoch': 8.81}
{'loss': 0.0927, 'grad_norm': 0.08417512476444244, 'learning_rate': 3.5724020442930155e-06, 'epoch': 8.82}
{'loss': 0.1367, 'grad_norm': 1.592363953590393, 'learning_rate': 3.5212947189097106e-06, 'epoch': 8.84}
{'loss': 0.0841, 'grad_norm': 83.59625244140625, 'learning_rate': 3.4701873935264057e-06, 'epoch': 8.86}
{'loss': 0.1486, 'grad_norm': 0.05747338756918907, 'learning_rate': 3.4190800681431004e-06, 'epoch': 8.88}
{'loss': 0.0667, 'grad_norm': 1.1598968505859375, 'learning_rate': 3.3679727427597955e-06, 'epoch': 8.89}
{'loss': 0.0325, 'grad_norm': 0.8945366740226746, 'learning_rate': 3.3168654173764907e-06, 'epoch': 8.91}
{'loss': 0.0631, 'grad_norm': 19.537220001220703, 'learning_rate': 3.2657580919931858e-06, 'epoch': 8.93}
{'loss': 0.115, 'grad_norm': 0.05115627497434616, 'learning_rate': 3.2146507666098805e-06, 'epoch': 8.94}
{'loss': 0.0078, 'grad_norm': 0.05720699205994606, 'learning_rate': 3.1635434412265756e-06, 'epoch': 8.96}
{'loss': 0.115, 'grad_norm': 29.964786529541016, 'learning_rate': 3.112436115843271e-06, 'epoch': 8.98}
{'loss': 0.135, 'grad_norm': 0.06051900237798691, 'learning_rate': 3.0613287904599663e-06, 'epoch': 8.99}
{'eval_loss': 2.3644702434539795, 'eval_accuracy': 0.6252692031586504, 'eval_f1': 0.6074525793047806, 'eval_precision': 0.6109643704331891, 'eval_recall': 0.6252692031586504, 'eval_runtime': 40.1943, 'eval_samples_per_second': 34.657, 'eval_steps_per_second': 2.189, 'epoch': 9.0}
{'loss': 0.1897, 'grad_norm': 1.6620584726333618, 'learning_rate': 3.010221465076661e-06, 'epoch': 9.01}
{'loss': 0.0994, 'grad_norm': 0.07363905757665634, 'learning_rate': 2.959114139693356e-06, 'epoch': 9.03}
{'loss': 0.0653, 'grad_norm': 0.05345688387751579, 'learning_rate': 2.908006814310051e-06, 'epoch': 9.05}
{'loss': 0.2222, 'grad_norm': 41.689002990722656, 'learning_rate': 2.8568994889267463e-06, 'epoch': 9.06}
{'loss': 0.2021, 'grad_norm': 19.71259880065918, 'learning_rate': 2.805792163543441e-06, 'epoch': 9.08}
{'loss': 0.1484, 'grad_norm': 3.3612797260284424, 'learning_rate': 2.754684838160136e-06, 'epoch': 9.1}
{'loss': 0.1398, 'grad_norm': 20.697126388549805, 'learning_rate': 2.7035775127768313e-06, 'epoch': 9.11}
{'loss': 0.1287, 'grad_norm': 0.0628206878900528, 'learning_rate': 2.6524701873935264e-06, 'epoch': 9.13}
{'loss': 0.0514, 'grad_norm': 2.3071446418762207, 'learning_rate': 2.6013628620102215e-06, 'epoch': 9.15}
{'loss': 0.1319, 'grad_norm': 0.11575093120336533, 'learning_rate': 2.5502555366269166e-06, 'epoch': 9.17}
{'loss': 0.0632, 'grad_norm': 9.334872245788574, 'learning_rate': 2.4991482112436118e-06, 'epoch': 9.18}
{'loss': 0.0666, 'grad_norm': 0.07166589051485062, 'learning_rate': 2.448040885860307e-06, 'epoch': 9.2}
{'loss': 0.0273, 'grad_norm': 0.6425928473472595, 'learning_rate': 2.396933560477002e-06, 'epoch': 9.22}
{'loss': 0.0469, 'grad_norm': 0.06303949654102325, 'learning_rate': 2.3458262350936967e-06, 'epoch': 9.23}
{'loss': 0.067, 'grad_norm': 14.560596466064453, 'learning_rate': 2.294718909710392e-06, 'epoch': 9.25}
{'loss': 0.0695, 'grad_norm': 0.9338876605033875, 'learning_rate': 2.243611584327087e-06, 'epoch': 9.27}
{'loss': 0.0101, 'grad_norm': 0.04976872354745865, 'learning_rate': 2.192504258943782e-06, 'epoch': 9.28}
{'loss': 0.094, 'grad_norm': 0.04852641001343727, 'learning_rate': 2.1413969335604768e-06, 'epoch': 9.3}
{'loss': 0.1777, 'grad_norm': 0.09234573692083359, 'learning_rate': 2.090289608177172e-06, 'epoch': 9.32}
{'loss': 0.0463, 'grad_norm': 0.06493807584047318, 'learning_rate': 2.0391822827938674e-06, 'epoch': 9.34}
{'loss': 0.1176, 'grad_norm': 0.07780466228723526, 'learning_rate': 1.9880749574105626e-06, 'epoch': 9.35}
{'loss': 0.0701, 'grad_norm': 9.178969383239746, 'learning_rate': 1.9369676320272573e-06, 'epoch': 9.37}
{'loss': 0.0468, 'grad_norm': 0.08133760094642639, 'learning_rate': 1.8858603066439524e-06, 'epoch': 9.39}
{'loss': 0.0921, 'grad_norm': 0.07566741108894348, 'learning_rate': 1.8347529812606475e-06, 'epoch': 9.4}
{'loss': 0.1066, 'grad_norm': 0.1011589765548706, 'learning_rate': 1.7836456558773424e-06, 'epoch': 9.42}
{'loss': 0.0222, 'grad_norm': 0.06702747941017151, 'learning_rate': 1.7325383304940375e-06, 'epoch': 9.44}
{'loss': 0.1159, 'grad_norm': 1.453650712966919, 'learning_rate': 1.6814310051107327e-06, 'epoch': 9.45}
{'loss': 0.0057, 'grad_norm': 0.08390985429286957, 'learning_rate': 1.6303236797274278e-06, 'epoch': 9.47}
{'loss': 0.1075, 'grad_norm': 0.0659383162856102, 'learning_rate': 1.5792163543441227e-06, 'epoch': 9.49}
{'loss': 0.0985, 'grad_norm': 0.055310558527708054, 'learning_rate': 1.5281090289608178e-06, 'epoch': 9.51}
{'loss': 0.168, 'grad_norm': 0.06363926827907562, 'learning_rate': 1.4770017035775127e-06, 'epoch': 9.52}
{'loss': 0.0235, 'grad_norm': 0.07133609801530838, 'learning_rate': 1.4258943781942078e-06, 'epoch': 9.54}
{'loss': 0.0552, 'grad_norm': 0.06418473273515701, 'learning_rate': 1.374787052810903e-06, 'epoch': 9.56}
{'loss': 0.0968, 'grad_norm': 0.09049293398857117, 'learning_rate': 1.323679727427598e-06, 'epoch': 9.57}
{'loss': 0.0776, 'grad_norm': 0.04761805385351181, 'learning_rate': 1.272572402044293e-06, 'epoch': 9.59}
{'loss': 0.0815, 'grad_norm': 0.08072721213102341, 'learning_rate': 1.2214650766609881e-06, 'epoch': 9.61}
{'loss': 0.0774, 'grad_norm': 0.06656113266944885, 'learning_rate': 1.170357751277683e-06, 'epoch': 9.63}
{'loss': 0.088, 'grad_norm': 0.17156554758548737, 'learning_rate': 1.1192504258943784e-06, 'epoch': 9.64}
{'loss': 0.0195, 'grad_norm': 0.4106093645095825, 'learning_rate': 1.0681431005110733e-06, 'epoch': 9.66}
{'loss': 0.1629, 'grad_norm': 42.76169967651367, 'learning_rate': 1.0170357751277684e-06, 'epoch': 9.68}
{'loss': 0.0508, 'grad_norm': 6.742230415344238, 'learning_rate': 9.659284497444633e-07, 'epoch': 9.69}
{'loss': 0.0147, 'grad_norm': 0.049932319670915604, 'learning_rate': 9.148211243611585e-07, 'epoch': 9.71}
{'loss': 0.0487, 'grad_norm': 0.09543724358081818, 'learning_rate': 8.637137989778535e-07, 'epoch': 9.73}
{'loss': 0.0625, 'grad_norm': 0.0710693970322609, 'learning_rate': 8.126064735945487e-07, 'epoch': 9.74}
{'loss': 0.0498, 'grad_norm': 0.047813352197408676, 'learning_rate': 7.614991482112437e-07, 'epoch': 9.76}
{'loss': 0.0676, 'grad_norm': 0.17832787334918976, 'learning_rate': 7.103918228279387e-07, 'epoch': 9.78}
{'loss': 0.1374, 'grad_norm': 123.92888641357422, 'learning_rate': 6.592844974446338e-07, 'epoch': 9.8}
{'loss': 0.0597, 'grad_norm': 0.056781645864248276, 'learning_rate': 6.081771720613288e-07, 'epoch': 9.81}
{'loss': 0.0613, 'grad_norm': 9.582527160644531, 'learning_rate': 5.621805792163544e-07, 'epoch': 9.83}
{'loss': 0.0122, 'grad_norm': 0.2642391324043274, 'learning_rate': 5.110732538330494e-07, 'epoch': 9.85}
{'loss': 0.049, 'grad_norm': 0.05991070345044136, 'learning_rate': 4.599659284497445e-07, 'epoch': 9.86}
{'loss': 0.0302, 'grad_norm': 0.1419372260570526, 'learning_rate': 4.0885860306643955e-07, 'epoch': 9.88}
{'loss': 0.037, 'grad_norm': 0.08311887830495834, 'learning_rate': 3.577512776831346e-07, 'epoch': 9.9}
{'loss': 0.0731, 'grad_norm': 0.04598226770758629, 'learning_rate': 3.0664395229982964e-07, 'epoch': 9.91}
{'loss': 0.1138, 'grad_norm': 0.04974893480539322, 'learning_rate': 2.555366269165247e-07, 'epoch': 9.93}
{'loss': 0.0231, 'grad_norm': 0.060787323862314224, 'learning_rate': 2.0442930153321978e-07, 'epoch': 9.95}
{'loss': 0.1923, 'grad_norm': 8.890778541564941, 'learning_rate': 1.5332197614991482e-07, 'epoch': 9.97}
{'loss': 0.0542, 'grad_norm': 0.07272922247648239, 'learning_rate': 1.0221465076660989e-07, 'epoch': 9.98}
{'loss': 0.068, 'grad_norm': 26.449066162109375, 'learning_rate': 5.1107325383304944e-08, 'epoch': 10.0}
{'eval_loss': 2.313754081726074, 'eval_accuracy': 0.6389088298636038, 'eval_f1': 0.6135208923408971, 'eval_precision': 0.605712068336541, 'eval_recall': 0.6389088298636038, 'eval_runtime': 39.297, 'eval_samples_per_second': 35.448, 'eval_steps_per_second': 2.239, 'epoch': 10.0}
{'train_runtime': 6664.0758, 'train_samples_per_second': 28.179, 'train_steps_per_second': 0.881, 'train_loss': 0.5650743657726243, 'epoch': 10.0}
Test results: {'eval_loss': 1.4823216199874878, 'eval_accuracy': 0.6460875807609476, 'eval_f1': 0.61462430768125, 'eval_precision': 0.5965242705095013, 'eval_recall': 0.6460875807609476, 'eval_runtime': 40.1454, 'eval_samples_per_second': 34.699, 'eval_steps_per_second': 2.192, 'epoch': 10.0}
[1;34mwandb[0m: 
[1;34mwandb[0m:  View run [33m./accent-identifier[0m at: [34mhttps://wandb.ai/iammanavk/huggingface/runs/nne2jlip[0m
[1;34mwandb[0m: Find logs at: [1;35mwandb/run-20250422_012132-nne2jlip/logs[0m
