/home/mkapadni/miniconda3/envs/gpu_env/lib/python3.10/site-packages/TTS/utils/io.py:54: FutureWarning: You are using `torch.load` with `weights_only=False` (the current default value), which uses the default pickle module implicitly. It is possible to construct malicious pickle data which will execute arbitrary code during unpickling (See https://github.com/pytorch/pytorch/blob/main/SECURITY.md#untrusted-models for more details). In a future release, the default value for `weights_only` will be flipped to `True`. This limits the functions that could be executed during unpickling. Arbitrary objects will no longer be allowed to be loaded via this mode unless they are explicitly allowlisted by the user via `torch.serialization.add_safe_globals`. We recommend you start setting `weights_only=True` for any use case where you don't have full control of the loaded file. Please open an issue on GitHub for any issues related to this experimental feature.
  return torch.load(f, map_location=map_location, **kwargs)
GPT2InferenceModel has generative capabilities, as `prepare_inputs_for_generation` is explicitly overwritten. However, it doesn't directly inherit from `GenerationMixin`. From 👉v4.50👈 onwards, `PreTrainedModel` will NOT inherit from `GenerationMixin`, and this model will lose the ability to call `generate` and other related functions.
  - If you're using `trust_remote_code=True`, you can get rid of this warning by loading the model with an auto class. See https://huggingface.co/docs/transformers/en/model_doc/auto#auto-classes
  - If you are the owner of the model architecture code, please modify your model class such that it inherits from `GenerationMixin` (after `PreTrainedModel`, otherwise you'll get an exception).
  - If you are not the owner of the model architecture class, please contact the model code owner to update it.
The attention mask is not set and cannot be inferred from input because pad token is same as eos token. As a consequence, you may observe unexpected behavior. Please pass your input's `attention_mask` to obtain reliable results.
WARNING:root:frame length (600) is greater than FFT size (512), frame will be truncated. Increase NFFT to avoid.
WARNING:root:frame length (600) is greater than FFT size (512), frame will be truncated. Increase NFFT to avoid.
WARNING:root:frame length (600) is greater than FFT size (512), frame will be truncated. Increase NFFT to avoid.
WARNING:root:frame length (600) is greater than FFT size (512), frame will be truncated. Increase NFFT to avoid.
WARNING:root:frame length (600) is greater than FFT size (512), frame will be truncated. Increase NFFT to avoid.
WARNING:root:frame length (600) is greater than FFT size (512), frame will be truncated. Increase NFFT to avoid.
WARNING:root:frame length (600) is greater than FFT size (512), frame will be truncated. Increase NFFT to avoid.
WARNING:root:frame length (600) is greater than FFT size (512), frame will be truncated. Increase NFFT to avoid.
WARNING:root:frame length (600) is greater than FFT size (512), frame will be truncated. Increase NFFT to avoid.
WARNING:root:frame length (600) is greater than FFT size (512), frame will be truncated. Increase NFFT to avoid.
WARNING:root:frame length (600) is greater than FFT size (512), frame will be truncated. Increase NFFT to avoid.
WARNING:root:frame length (600) is greater than FFT size (512), frame will be truncated. Increase NFFT to avoid.
WARNING:root:frame length (600) is greater than FFT size (512), frame will be truncated. Increase NFFT to avoid.
WARNING:root:frame length (600) is greater than FFT size (512), frame will be truncated. Increase NFFT to avoid.
WARNING:root:frame length (600) is greater than FFT size (512), frame will be truncated. Increase NFFT to avoid.
WARNING:root:frame length (600) is greater than FFT size (512), frame will be truncated. Increase NFFT to avoid.
WARNING:root:frame length (600) is greater than FFT size (512), frame will be truncated. Increase NFFT to avoid.
WARNING:root:frame length (600) is greater than FFT size (512), frame will be truncated. Increase NFFT to avoid.
WARNING:root:frame length (600) is greater than FFT size (512), frame will be truncated. Increase NFFT to avoid.
WARNING:root:frame length (600) is greater than FFT size (512), frame will be truncated. Increase NFFT to avoid.
WARNING:root:frame length (600) is greater than FFT size (512), frame will be truncated. Increase NFFT to avoid.
WARNING:root:frame length (600) is greater than FFT size (512), frame will be truncated. Increase NFFT to avoid.
WARNING:root:frame length (600) is greater than FFT size (512), frame will be truncated. Increase NFFT to avoid.
WARNING:root:frame length (600) is greater than FFT size (512), frame will be truncated. Increase NFFT to avoid.
WARNING:root:frame length (600) is greater than FFT size (512), frame will be truncated. Increase NFFT to avoid.
WARNING:root:frame length (600) is greater than FFT size (512), frame will be truncated. Increase NFFT to avoid.
WARNING:root:frame length (600) is greater than FFT size (512), frame will be truncated. Increase NFFT to avoid.
WARNING:root:frame length (600) is greater than FFT size (512), frame will be truncated. Increase NFFT to avoid.
WARNING:root:frame length (600) is greater than FFT size (512), frame will be truncated. Increase NFFT to avoid.
WARNING:root:frame length (600) is greater than FFT size (512), frame will be truncated. Increase NFFT to avoid.
WARNING:root:frame length (600) is greater than FFT size (512), frame will be truncated. Increase NFFT to avoid.
WARNING:root:frame length (600) is greater than FFT size (512), frame will be truncated. Increase NFFT to avoid.
WARNING:root:frame length (600) is greater than FFT size (512), frame will be truncated. Increase NFFT to avoid.
WARNING:root:frame length (600) is greater than FFT size (512), frame will be truncated. Increase NFFT to avoid.
WARNING:root:frame length (600) is greater than FFT size (512), frame will be truncated. Increase NFFT to avoid.
WARNING:root:frame length (600) is greater than FFT size (512), frame will be truncated. Increase NFFT to avoid.
WARNING:root:frame length (600) is greater than FFT size (512), frame will be truncated. Increase NFFT to avoid.
WARNING:root:frame length (600) is greater than FFT size (512), frame will be truncated. Increase NFFT to avoid.
WARNING:root:frame length (600) is greater than FFT size (512), frame will be truncated. Increase NFFT to avoid.
WARNING:root:frame length (600) is greater than FFT size (512), frame will be truncated. Increase NFFT to avoid.
WARNING:root:frame length (600) is greater than FFT size (512), frame will be truncated. Increase NFFT to avoid.
WARNING:root:frame length (600) is greater than FFT size (512), frame will be truncated. Increase NFFT to avoid.
WARNING:root:frame length (600) is greater than FFT size (512), frame will be truncated. Increase NFFT to avoid.
WARNING:root:frame length (600) is greater than FFT size (512), frame will be truncated. Increase NFFT to avoid.
WARNING:root:frame length (600) is greater than FFT size (512), frame will be truncated. Increase NFFT to avoid.
WARNING:root:frame length (600) is greater than FFT size (512), frame will be truncated. Increase NFFT to avoid.
WARNING:root:frame length (600) is greater than FFT size (512), frame will be truncated. Increase NFFT to avoid.
WARNING:root:frame length (600) is greater than FFT size (512), frame will be truncated. Increase NFFT to avoid.
WARNING:root:frame length (600) is greater than FFT size (512), frame will be truncated. Increase NFFT to avoid.
WARNING:root:frame length (600) is greater than FFT size (512), frame will be truncated. Increase NFFT to avoid.
WARNING:root:frame length (600) is greater than FFT size (512), frame will be truncated. Increase NFFT to avoid.
WARNING:root:frame length (600) is greater than FFT size (512), frame will be truncated. Increase NFFT to avoid.
WARNING:root:frame length (600) is greater than FFT size (512), frame will be truncated. Increase NFFT to avoid.
WARNING:root:frame length (600) is greater than FFT size (512), frame will be truncated. Increase NFFT to avoid.
WARNING:root:frame length (600) is greater than FFT size (512), frame will be truncated. Increase NFFT to avoid.
WARNING:root:frame length (600) is greater than FFT size (512), frame will be truncated. Increase NFFT to avoid.
WARNING:root:frame length (600) is greater than FFT size (512), frame will be truncated. Increase NFFT to avoid.
WARNING:root:frame length (600) is greater than FFT size (512), frame will be truncated. Increase NFFT to avoid.
WARNING:root:frame length (600) is greater than FFT size (512), frame will be truncated. Increase NFFT to avoid.
WARNING:root:frame length (600) is greater than FFT size (512), frame will be truncated. Increase NFFT to avoid.
WARNING:root:frame length (600) is greater than FFT size (512), frame will be truncated. Increase NFFT to avoid.
WARNING:root:frame length (600) is greater than FFT size (512), frame will be truncated. Increase NFFT to avoid.
WARNING:root:frame length (600) is greater than FFT size (512), frame will be truncated. Increase NFFT to avoid.
WARNING:root:frame length (600) is greater than FFT size (512), frame will be truncated. Increase NFFT to avoid.
WARNING:root:frame length (600) is greater than FFT size (512), frame will be truncated. Increase NFFT to avoid.
WARNING:root:frame length (600) is greater than FFT size (512), frame will be truncated. Increase NFFT to avoid.
WARNING:root:frame length (600) is greater than FFT size (512), frame will be truncated. Increase NFFT to avoid.
WARNING:root:frame length (600) is greater than FFT size (512), frame will be truncated. Increase NFFT to avoid.
WARNING:root:frame length (600) is greater than FFT size (512), frame will be truncated. Increase NFFT to avoid.
WARNING:root:frame length (600) is greater than FFT size (512), frame will be truncated. Increase NFFT to avoid.
WARNING:root:frame length (600) is greater than FFT size (512), frame will be truncated. Increase NFFT to avoid.
WARNING:root:frame length (600) is greater than FFT size (512), frame will be truncated. Increase NFFT to avoid.
WARNING:root:frame length (600) is greater than FFT size (512), frame will be truncated. Increase NFFT to avoid.
WARNING:root:frame length (600) is greater than FFT size (512), frame will be truncated. Increase NFFT to avoid.
WARNING:root:frame length (600) is greater than FFT size (512), frame will be truncated. Increase NFFT to avoid.
WARNING:root:frame length (600) is greater than FFT size (512), frame will be truncated. Increase NFFT to avoid.
WARNING:root:frame length (600) is greater than FFT size (512), frame will be truncated. Increase NFFT to avoid.
WARNING:root:frame length (600) is greater than FFT size (512), frame will be truncated. Increase NFFT to avoid.
WARNING:root:frame length (600) is greater than FFT size (512), frame will be truncated. Increase NFFT to avoid.
WARNING:root:frame length (600) is greater than FFT size (512), frame will be truncated. Increase NFFT to avoid.
WARNING:root:frame length (600) is greater than FFT size (512), frame will be truncated. Increase NFFT to avoid.
WARNING:root:frame length (600) is greater than FFT size (512), frame will be truncated. Increase NFFT to avoid.
WARNING:root:frame length (600) is greater than FFT size (512), frame will be truncated. Increase NFFT to avoid.
WARNING:root:frame length (600) is greater than FFT size (512), frame will be truncated. Increase NFFT to avoid.
WARNING:root:frame length (600) is greater than FFT size (512), frame will be truncated. Increase NFFT to avoid.
WARNING:root:frame length (600) is greater than FFT size (512), frame will be truncated. Increase NFFT to avoid.
WARNING:root:frame length (600) is greater than FFT size (512), frame will be truncated. Increase NFFT to avoid.
WARNING:root:frame length (600) is greater than FFT size (512), frame will be truncated. Increase NFFT to avoid.
WARNING:root:frame length (600) is greater than FFT size (512), frame will be truncated. Increase NFFT to avoid.
WARNING:root:frame length (600) is greater than FFT size (512), frame will be truncated. Increase NFFT to avoid.
WARNING:root:frame length (600) is greater than FFT size (512), frame will be truncated. Increase NFFT to avoid.
WARNING:root:frame length (600) is greater than FFT size (512), frame will be truncated. Increase NFFT to avoid.
WARNING:root:frame length (600) is greater than FFT size (512), frame will be truncated. Increase NFFT to avoid.
WARNING:root:frame length (600) is greater than FFT size (512), frame will be truncated. Increase NFFT to avoid.
WARNING:root:frame length (600) is greater than FFT size (512), frame will be truncated. Increase NFFT to avoid.
WARNING:root:frame length (600) is greater than FFT size (512), frame will be truncated. Increase NFFT to avoid.
WARNING:root:frame length (600) is greater than FFT size (512), frame will be truncated. Increase NFFT to avoid.
WARNING:root:frame length (600) is greater than FFT size (512), frame will be truncated. Increase NFFT to avoid.
WARNING:root:frame length (600) is greater than FFT size (512), frame will be truncated. Increase NFFT to avoid.
WARNING:root:frame length (600) is greater than FFT size (512), frame will be truncated. Increase NFFT to avoid.
WARNING:root:frame length (600) is greater than FFT size (512), frame will be truncated. Increase NFFT to avoid.
WARNING:root:frame length (600) is greater than FFT size (512), frame will be truncated. Increase NFFT to avoid.
WARNING:root:frame length (600) is greater than FFT size (512), frame will be truncated. Increase NFFT to avoid.
WARNING:root:frame length (600) is greater than FFT size (512), frame will be truncated. Increase NFFT to avoid.
WARNING:root:frame length (600) is greater than FFT size (512), frame will be truncated. Increase NFFT to avoid.
WARNING:root:frame length (600) is greater than FFT size (512), frame will be truncated. Increase NFFT to avoid.
WARNING:root:frame length (600) is greater than FFT size (512), frame will be truncated. Increase NFFT to avoid.
WARNING:root:frame length (600) is greater than FFT size (512), frame will be truncated. Increase NFFT to avoid.
WARNING:root:frame length (600) is greater than FFT size (512), frame will be truncated. Increase NFFT to avoid.
WARNING:root:frame length (600) is greater than FFT size (512), frame will be truncated. Increase NFFT to avoid.
WARNING:root:frame length (600) is greater than FFT size (512), frame will be truncated. Increase NFFT to avoid.
WARNING:root:frame length (600) is greater than FFT size (512), frame will be truncated. Increase NFFT to avoid.
WARNING:root:frame length (600) is greater than FFT size (512), frame will be truncated. Increase NFFT to avoid.
WARNING:root:frame length (600) is greater than FFT size (512), frame will be truncated. Increase NFFT to avoid.
WARNING:root:frame length (600) is greater than FFT size (512), frame will be truncated. Increase NFFT to avoid.
WARNING:root:frame length (600) is greater than FFT size (512), frame will be truncated. Increase NFFT to avoid.
WARNING:root:frame length (600) is greater than FFT size (512), frame will be truncated. Increase NFFT to avoid.
WARNING:root:frame length (600) is greater than FFT size (512), frame will be truncated. Increase NFFT to avoid.
WARNING:root:frame length (600) is greater than FFT size (512), frame will be truncated. Increase NFFT to avoid.
WARNING:root:frame length (600) is greater than FFT size (512), frame will be truncated. Increase NFFT to avoid.
WARNING:root:frame length (600) is greater than FFT size (512), frame will be truncated. Increase NFFT to avoid.
WARNING:root:frame length (600) is greater than FFT size (512), frame will be truncated. Increase NFFT to avoid.
WARNING:root:frame length (600) is greater than FFT size (512), frame will be truncated. Increase NFFT to avoid.
WARNING:root:frame length (600) is greater than FFT size (512), frame will be truncated. Increase NFFT to avoid.
WARNING:root:frame length (600) is greater than FFT size (512), frame will be truncated. Increase NFFT to avoid.
WARNING:root:frame length (600) is greater than FFT size (512), frame will be truncated. Increase NFFT to avoid.
WARNING:root:frame length (600) is greater than FFT size (512), frame will be truncated. Increase NFFT to avoid.
WARNING:root:frame length (600) is greater than FFT size (512), frame will be truncated. Increase NFFT to avoid.
WARNING:root:frame length (600) is greater than FFT size (512), frame will be truncated. Increase NFFT to avoid.
WARNING:root:frame length (600) is greater than FFT size (512), frame will be truncated. Increase NFFT to avoid.
WARNING:root:frame length (600) is greater than FFT size (512), frame will be truncated. Increase NFFT to avoid.
WARNING:root:frame length (600) is greater than FFT size (512), frame will be truncated. Increase NFFT to avoid.
WARNING:root:frame length (600) is greater than FFT size (512), frame will be truncated. Increase NFFT to avoid.
WARNING:root:frame length (600) is greater than FFT size (512), frame will be truncated. Increase NFFT to avoid.
WARNING:root:frame length (600) is greater than FFT size (512), frame will be truncated. Increase NFFT to avoid.
WARNING:root:frame length (600) is greater than FFT size (512), frame will be truncated. Increase NFFT to avoid.
WARNING:root:frame length (600) is greater than FFT size (512), frame will be truncated. Increase NFFT to avoid.
WARNING:root:frame length (600) is greater than FFT size (512), frame will be truncated. Increase NFFT to avoid.
WARNING:root:frame length (600) is greater than FFT size (512), frame will be truncated. Increase NFFT to avoid.
WARNING:root:frame length (600) is greater than FFT size (512), frame will be truncated. Increase NFFT to avoid.
WARNING:root:frame length (600) is greater than FFT size (512), frame will be truncated. Increase NFFT to avoid.
WARNING:root:frame length (600) is greater than FFT size (512), frame will be truncated. Increase NFFT to avoid.
WARNING:root:frame length (600) is greater than FFT size (512), frame will be truncated. Increase NFFT to avoid.
WARNING:root:frame length (600) is greater than FFT size (512), frame will be truncated. Increase NFFT to avoid.
WARNING:root:frame length (600) is greater than FFT size (512), frame will be truncated. Increase NFFT to avoid.
WARNING:root:frame length (600) is greater than FFT size (512), frame will be truncated. Increase NFFT to avoid.
WARNING:root:frame length (600) is greater than FFT size (512), frame will be truncated. Increase NFFT to avoid.
WARNING:root:frame length (600) is greater than FFT size (512), frame will be truncated. Increase NFFT to avoid.
WARNING:root:frame length (600) is greater than FFT size (512), frame will be truncated. Increase NFFT to avoid.
WARNING:root:frame length (600) is greater than FFT size (512), frame will be truncated. Increase NFFT to avoid.
WARNING:root:frame length (600) is greater than FFT size (512), frame will be truncated. Increase NFFT to avoid.
WARNING:root:frame length (600) is greater than FFT size (512), frame will be truncated. Increase NFFT to avoid.
WARNING:root:frame length (600) is greater than FFT size (512), frame will be truncated. Increase NFFT to avoid.
WARNING:root:frame length (600) is greater than FFT size (512), frame will be truncated. Increase NFFT to avoid.
WARNING:root:frame length (600) is greater than FFT size (512), frame will be truncated. Increase NFFT to avoid.
WARNING:root:frame length (600) is greater than FFT size (512), frame will be truncated. Increase NFFT to avoid.
WARNING:root:frame length (600) is greater than FFT size (512), frame will be truncated. Increase NFFT to avoid.
WARNING:root:frame length (600) is greater than FFT size (512), frame will be truncated. Increase NFFT to avoid.
WARNING:root:frame length (600) is greater than FFT size (512), frame will be truncated. Increase NFFT to avoid.
WARNING:root:frame length (600) is greater than FFT size (512), frame will be truncated. Increase NFFT to avoid.
WARNING:root:frame length (600) is greater than FFT size (512), frame will be truncated. Increase NFFT to avoid.
WARNING:root:frame length (600) is greater than FFT size (512), frame will be truncated. Increase NFFT to avoid.
WARNING:root:frame length (600) is greater than FFT size (512), frame will be truncated. Increase NFFT to avoid.
WARNING:root:frame length (600) is greater than FFT size (512), frame will be truncated. Increase NFFT to avoid.
WARNING:root:frame length (600) is greater than FFT size (512), frame will be truncated. Increase NFFT to avoid.
WARNING:root:frame length (600) is greater than FFT size (512), frame will be truncated. Increase NFFT to avoid.
WARNING:root:frame length (600) is greater than FFT size (512), frame will be truncated. Increase NFFT to avoid.
WARNING:root:frame length (600) is greater than FFT size (512), frame will be truncated. Increase NFFT to avoid.
WARNING:root:frame length (600) is greater than FFT size (512), frame will be truncated. Increase NFFT to avoid.
WARNING:root:frame length (600) is greater than FFT size (512), frame will be truncated. Increase NFFT to avoid.
WARNING:root:frame length (600) is greater than FFT size (512), frame will be truncated. Increase NFFT to avoid.
WARNING:root:frame length (600) is greater than FFT size (512), frame will be truncated. Increase NFFT to avoid.
WARNING:root:frame length (600) is greater than FFT size (512), frame will be truncated. Increase NFFT to avoid.
WARNING:root:frame length (600) is greater than FFT size (512), frame will be truncated. Increase NFFT to avoid.
WARNING:root:frame length (600) is greater than FFT size (512), frame will be truncated. Increase NFFT to avoid.
WARNING:root:frame length (600) is greater than FFT size (512), frame will be truncated. Increase NFFT to avoid.
WARNING:root:frame length (600) is greater than FFT size (512), frame will be truncated. Increase NFFT to avoid.
WARNING:root:frame length (600) is greater than FFT size (512), frame will be truncated. Increase NFFT to avoid.
WARNING:root:frame length (600) is greater than FFT size (512), frame will be truncated. Increase NFFT to avoid.
WARNING:root:frame length (600) is greater than FFT size (512), frame will be truncated. Increase NFFT to avoid.
WARNING:root:frame length (600) is greater than FFT size (512), frame will be truncated. Increase NFFT to avoid.
WARNING:root:frame length (600) is greater than FFT size (512), frame will be truncated. Increase NFFT to avoid.
WARNING:root:frame length (600) is greater than FFT size (512), frame will be truncated. Increase NFFT to avoid.
WARNING:root:frame length (600) is greater than FFT size (512), frame will be truncated. Increase NFFT to avoid.
WARNING:root:frame length (600) is greater than FFT size (512), frame will be truncated. Increase NFFT to avoid.
WARNING:root:frame length (600) is greater than FFT size (512), frame will be truncated. Increase NFFT to avoid.
WARNING:root:frame length (600) is greater than FFT size (512), frame will be truncated. Increase NFFT to avoid.
WARNING:root:frame length (600) is greater than FFT size (512), frame will be truncated. Increase NFFT to avoid.
WARNING:root:frame length (600) is greater than FFT size (512), frame will be truncated. Increase NFFT to avoid.
WARNING:root:frame length (600) is greater than FFT size (512), frame will be truncated. Increase NFFT to avoid.
WARNING:root:frame length (600) is greater than FFT size (512), frame will be truncated. Increase NFFT to avoid.
WARNING:root:frame length (600) is greater than FFT size (512), frame will be truncated. Increase NFFT to avoid.
WARNING:root:frame length (600) is greater than FFT size (512), frame will be truncated. Increase NFFT to avoid.
WARNING:root:frame length (600) is greater than FFT size (512), frame will be truncated. Increase NFFT to avoid.
WARNING:root:frame length (600) is greater than FFT size (512), frame will be truncated. Increase NFFT to avoid.
WARNING:root:frame length (600) is greater than FFT size (512), frame will be truncated. Increase NFFT to avoid.
WARNING:root:frame length (600) is greater than FFT size (512), frame will be truncated. Increase NFFT to avoid.
WARNING:root:frame length (600) is greater than FFT size (512), frame will be truncated. Increase NFFT to avoid.
WARNING:root:frame length (600) is greater than FFT size (512), frame will be truncated. Increase NFFT to avoid.
WARNING:root:frame length (600) is greater than FFT size (512), frame will be truncated. Increase NFFT to avoid.
WARNING:root:frame length (600) is greater than FFT size (512), frame will be truncated. Increase NFFT to avoid.
WARNING:root:frame length (600) is greater than FFT size (512), frame will be truncated. Increase NFFT to avoid.
WARNING:root:frame length (600) is greater than FFT size (512), frame will be truncated. Increase NFFT to avoid.
WARNING:root:frame length (600) is greater than FFT size (512), frame will be truncated. Increase NFFT to avoid.
WARNING:root:frame length (600) is greater than FFT size (512), frame will be truncated. Increase NFFT to avoid.
WARNING:root:frame length (600) is greater than FFT size (512), frame will be truncated. Increase NFFT to avoid.
WARNING:root:frame length (600) is greater than FFT size (512), frame will be truncated. Increase NFFT to avoid.
WARNING:root:frame length (600) is greater than FFT size (512), frame will be truncated. Increase NFFT to avoid.
WARNING:root:frame length (600) is greater than FFT size (512), frame will be truncated. Increase NFFT to avoid.
WARNING:root:frame length (600) is greater than FFT size (512), frame will be truncated. Increase NFFT to avoid.
WARNING:root:frame length (600) is greater than FFT size (512), frame will be truncated. Increase NFFT to avoid.
WARNING:root:frame length (600) is greater than FFT size (512), frame will be truncated. Increase NFFT to avoid.
/home/mkapadni/miniconda3/envs/gpu_env/lib/python3.10/site-packages/transformers/models/whisper/generation_whisper.py:509: FutureWarning: The input name `inputs` is deprecated. Please make sure to use `input_features` instead.
  warnings.warn(
Due to a bug fix in https://github.com/huggingface/transformers/pull/28687 transcription using a multilingual Whisper will default to language detection followed by transcription instead of translation to English.This might be a breaking change for your use case. If you want to instead always translate your audio to English, make sure to pass `language='en'`.
Passing a tuple of `past_key_values` is deprecated and will be removed in Transformers v4.43.0. You should pass an instance of `EncoderDecoderCache` instead, e.g. `past_key_values=EncoderDecoderCache.from_legacy_cache(past_key_values)`.
/home/mkapadni/miniconda3/envs/gpu_env/lib/python3.10/site-packages/transformers/models/whisper/generation_whisper.py:509: FutureWarning: The input name `inputs` is deprecated. Please make sure to use `input_features` instead.
  warnings.warn(
/home/mkapadni/miniconda3/envs/gpu_env/lib/python3.10/site-packages/transformers/models/whisper/generation_whisper.py:509: FutureWarning: The input name `inputs` is deprecated. Please make sure to use `input_features` instead.
  warnings.warn(
/home/mkapadni/miniconda3/envs/gpu_env/lib/python3.10/site-packages/transformers/models/whisper/generation_whisper.py:509: FutureWarning: The input name `inputs` is deprecated. Please make sure to use `input_features` instead.
  warnings.warn(
/home/mkapadni/miniconda3/envs/gpu_env/lib/python3.10/site-packages/transformers/models/whisper/generation_whisper.py:509: FutureWarning: The input name `inputs` is deprecated. Please make sure to use `input_features` instead.
  warnings.warn(
/home/mkapadni/miniconda3/envs/gpu_env/lib/python3.10/site-packages/transformers/models/whisper/generation_whisper.py:509: FutureWarning: The input name `inputs` is deprecated. Please make sure to use `input_features` instead.
  warnings.warn(
/home/mkapadni/miniconda3/envs/gpu_env/lib/python3.10/site-packages/transformers/models/whisper/generation_whisper.py:509: FutureWarning: The input name `inputs` is deprecated. Please make sure to use `input_features` instead.
  warnings.warn(
/home/mkapadni/miniconda3/envs/gpu_env/lib/python3.10/site-packages/transformers/models/whisper/generation_whisper.py:509: FutureWarning: The input name `inputs` is deprecated. Please make sure to use `input_features` instead.
  warnings.warn(
/home/mkapadni/miniconda3/envs/gpu_env/lib/python3.10/site-packages/transformers/models/whisper/generation_whisper.py:509: FutureWarning: The input name `inputs` is deprecated. Please make sure to use `input_features` instead.
  warnings.warn(
/home/mkapadni/miniconda3/envs/gpu_env/lib/python3.10/site-packages/transformers/models/whisper/generation_whisper.py:509: FutureWarning: The input name `inputs` is deprecated. Please make sure to use `input_features` instead.
  warnings.warn(
You seem to be using the pipelines sequentially on GPU. In order to maximize efficiency please use a dataset
/home/mkapadni/miniconda3/envs/gpu_env/lib/python3.10/site-packages/transformers/models/whisper/generation_whisper.py:509: FutureWarning: The input name `inputs` is deprecated. Please make sure to use `input_features` instead.
  warnings.warn(
/home/mkapadni/miniconda3/envs/gpu_env/lib/python3.10/site-packages/transformers/models/whisper/generation_whisper.py:509: FutureWarning: The input name `inputs` is deprecated. Please make sure to use `input_features` instead.
  warnings.warn(
/home/mkapadni/miniconda3/envs/gpu_env/lib/python3.10/site-packages/transformers/models/whisper/generation_whisper.py:509: FutureWarning: The input name `inputs` is deprecated. Please make sure to use `input_features` instead.
  warnings.warn(
/home/mkapadni/miniconda3/envs/gpu_env/lib/python3.10/site-packages/transformers/models/whisper/generation_whisper.py:509: FutureWarning: The input name `inputs` is deprecated. Please make sure to use `input_features` instead.
  warnings.warn(
/home/mkapadni/miniconda3/envs/gpu_env/lib/python3.10/site-packages/transformers/models/whisper/generation_whisper.py:509: FutureWarning: The input name `inputs` is deprecated. Please make sure to use `input_features` instead.
  warnings.warn(
/home/mkapadni/miniconda3/envs/gpu_env/lib/python3.10/site-packages/transformers/models/whisper/generation_whisper.py:509: FutureWarning: The input name `inputs` is deprecated. Please make sure to use `input_features` instead.
  warnings.warn(
/home/mkapadni/miniconda3/envs/gpu_env/lib/python3.10/site-packages/transformers/models/whisper/generation_whisper.py:509: FutureWarning: The input name `inputs` is deprecated. Please make sure to use `input_features` instead.
  warnings.warn(
/home/mkapadni/miniconda3/envs/gpu_env/lib/python3.10/site-packages/transformers/models/whisper/generation_whisper.py:509: FutureWarning: The input name `inputs` is deprecated. Please make sure to use `input_features` instead.
  warnings.warn(
/home/mkapadni/miniconda3/envs/gpu_env/lib/python3.10/site-packages/transformers/models/whisper/generation_whisper.py:509: FutureWarning: The input name `inputs` is deprecated. Please make sure to use `input_features` instead.
  warnings.warn(
/home/mkapadni/miniconda3/envs/gpu_env/lib/python3.10/site-packages/transformers/models/whisper/generation_whisper.py:509: FutureWarning: The input name `inputs` is deprecated. Please make sure to use `input_features` instead.
  warnings.warn(
/home/mkapadni/miniconda3/envs/gpu_env/lib/python3.10/site-packages/transformers/models/whisper/generation_whisper.py:509: FutureWarning: The input name `inputs` is deprecated. Please make sure to use `input_features` instead.
  warnings.warn(
/home/mkapadni/miniconda3/envs/gpu_env/lib/python3.10/site-packages/transformers/models/whisper/generation_whisper.py:509: FutureWarning: The input name `inputs` is deprecated. Please make sure to use `input_features` instead.
  warnings.warn(
/home/mkapadni/miniconda3/envs/gpu_env/lib/python3.10/site-packages/transformers/models/whisper/generation_whisper.py:509: FutureWarning: The input name `inputs` is deprecated. Please make sure to use `input_features` instead.
  warnings.warn(
/home/mkapadni/miniconda3/envs/gpu_env/lib/python3.10/site-packages/transformers/models/whisper/generation_whisper.py:509: FutureWarning: The input name `inputs` is deprecated. Please make sure to use `input_features` instead.
  warnings.warn(
/home/mkapadni/miniconda3/envs/gpu_env/lib/python3.10/site-packages/transformers/models/whisper/generation_whisper.py:509: FutureWarning: The input name `inputs` is deprecated. Please make sure to use `input_features` instead.
  warnings.warn(
/home/mkapadni/miniconda3/envs/gpu_env/lib/python3.10/site-packages/transformers/models/whisper/generation_whisper.py:509: FutureWarning: The input name `inputs` is deprecated. Please make sure to use `input_features` instead.
  warnings.warn(
/home/mkapadni/miniconda3/envs/gpu_env/lib/python3.10/site-packages/transformers/models/whisper/generation_whisper.py:509: FutureWarning: The input name `inputs` is deprecated. Please make sure to use `input_features` instead.
  warnings.warn(
/home/mkapadni/miniconda3/envs/gpu_env/lib/python3.10/site-packages/transformers/models/whisper/generation_whisper.py:509: FutureWarning: The input name `inputs` is deprecated. Please make sure to use `input_features` instead.
  warnings.warn(
/home/mkapadni/miniconda3/envs/gpu_env/lib/python3.10/site-packages/transformers/models/whisper/generation_whisper.py:509: FutureWarning: The input name `inputs` is deprecated. Please make sure to use `input_features` instead.
  warnings.warn(
/home/mkapadni/miniconda3/envs/gpu_env/lib/python3.10/site-packages/transformers/models/whisper/generation_whisper.py:509: FutureWarning: The input name `inputs` is deprecated. Please make sure to use `input_features` instead.
  warnings.warn(
/home/mkapadni/miniconda3/envs/gpu_env/lib/python3.10/site-packages/transformers/models/whisper/generation_whisper.py:509: FutureWarning: The input name `inputs` is deprecated. Please make sure to use `input_features` instead.
  warnings.warn(
/home/mkapadni/miniconda3/envs/gpu_env/lib/python3.10/site-packages/transformers/models/whisper/generation_whisper.py:509: FutureWarning: The input name `inputs` is deprecated. Please make sure to use `input_features` instead.
  warnings.warn(
/home/mkapadni/miniconda3/envs/gpu_env/lib/python3.10/site-packages/transformers/models/whisper/generation_whisper.py:509: FutureWarning: The input name `inputs` is deprecated. Please make sure to use `input_features` instead.
  warnings.warn(
/home/mkapadni/miniconda3/envs/gpu_env/lib/python3.10/site-packages/transformers/models/whisper/generation_whisper.py:509: FutureWarning: The input name `inputs` is deprecated. Please make sure to use `input_features` instead.
  warnings.warn(
/home/mkapadni/miniconda3/envs/gpu_env/lib/python3.10/site-packages/transformers/models/whisper/generation_whisper.py:509: FutureWarning: The input name `inputs` is deprecated. Please make sure to use `input_features` instead.
  warnings.warn(
/home/mkapadni/miniconda3/envs/gpu_env/lib/python3.10/site-packages/transformers/models/whisper/generation_whisper.py:509: FutureWarning: The input name `inputs` is deprecated. Please make sure to use `input_features` instead.
  warnings.warn(
/home/mkapadni/miniconda3/envs/gpu_env/lib/python3.10/site-packages/transformers/models/whisper/generation_whisper.py:509: FutureWarning: The input name `inputs` is deprecated. Please make sure to use `input_features` instead.
  warnings.warn(
/home/mkapadni/miniconda3/envs/gpu_env/lib/python3.10/site-packages/transformers/models/whisper/generation_whisper.py:509: FutureWarning: The input name `inputs` is deprecated. Please make sure to use `input_features` instead.
  warnings.warn(
/home/mkapadni/miniconda3/envs/gpu_env/lib/python3.10/site-packages/transformers/models/whisper/generation_whisper.py:509: FutureWarning: The input name `inputs` is deprecated. Please make sure to use `input_features` instead.
  warnings.warn(
/home/mkapadni/miniconda3/envs/gpu_env/lib/python3.10/site-packages/transformers/models/whisper/generation_whisper.py:509: FutureWarning: The input name `inputs` is deprecated. Please make sure to use `input_features` instead.
  warnings.warn(
/home/mkapadni/miniconda3/envs/gpu_env/lib/python3.10/site-packages/transformers/models/whisper/generation_whisper.py:509: FutureWarning: The input name `inputs` is deprecated. Please make sure to use `input_features` instead.
  warnings.warn(
/home/mkapadni/miniconda3/envs/gpu_env/lib/python3.10/site-packages/transformers/models/whisper/generation_whisper.py:509: FutureWarning: The input name `inputs` is deprecated. Please make sure to use `input_features` instead.
  warnings.warn(
/home/mkapadni/miniconda3/envs/gpu_env/lib/python3.10/site-packages/transformers/models/whisper/generation_whisper.py:509: FutureWarning: The input name `inputs` is deprecated. Please make sure to use `input_features` instead.
  warnings.warn(
/home/mkapadni/miniconda3/envs/gpu_env/lib/python3.10/site-packages/transformers/models/whisper/generation_whisper.py:509: FutureWarning: The input name `inputs` is deprecated. Please make sure to use `input_features` instead.
  warnings.warn(
/home/mkapadni/miniconda3/envs/gpu_env/lib/python3.10/site-packages/transformers/models/whisper/generation_whisper.py:509: FutureWarning: The input name `inputs` is deprecated. Please make sure to use `input_features` instead.
  warnings.warn(
/home/mkapadni/miniconda3/envs/gpu_env/lib/python3.10/site-packages/transformers/models/whisper/generation_whisper.py:509: FutureWarning: The input name `inputs` is deprecated. Please make sure to use `input_features` instead.
  warnings.warn(
/home/mkapadni/miniconda3/envs/gpu_env/lib/python3.10/site-packages/transformers/models/whisper/generation_whisper.py:509: FutureWarning: The input name `inputs` is deprecated. Please make sure to use `input_features` instead.
  warnings.warn(
/home/mkapadni/miniconda3/envs/gpu_env/lib/python3.10/site-packages/transformers/models/whisper/generation_whisper.py:509: FutureWarning: The input name `inputs` is deprecated. Please make sure to use `input_features` instead.
  warnings.warn(
/home/mkapadni/miniconda3/envs/gpu_env/lib/python3.10/site-packages/transformers/models/whisper/generation_whisper.py:509: FutureWarning: The input name `inputs` is deprecated. Please make sure to use `input_features` instead.
  warnings.warn(
/home/mkapadni/miniconda3/envs/gpu_env/lib/python3.10/site-packages/transformers/models/whisper/generation_whisper.py:509: FutureWarning: The input name `inputs` is deprecated. Please make sure to use `input_features` instead.
  warnings.warn(
/home/mkapadni/miniconda3/envs/gpu_env/lib/python3.10/site-packages/transformers/models/whisper/generation_whisper.py:509: FutureWarning: The input name `inputs` is deprecated. Please make sure to use `input_features` instead.
  warnings.warn(
/home/mkapadni/miniconda3/envs/gpu_env/lib/python3.10/site-packages/transformers/models/whisper/generation_whisper.py:509: FutureWarning: The input name `inputs` is deprecated. Please make sure to use `input_features` instead.
  warnings.warn(
/home/mkapadni/miniconda3/envs/gpu_env/lib/python3.10/site-packages/transformers/models/whisper/generation_whisper.py:509: FutureWarning: The input name `inputs` is deprecated. Please make sure to use `input_features` instead.
  warnings.warn(
/home/mkapadni/miniconda3/envs/gpu_env/lib/python3.10/site-packages/transformers/models/whisper/generation_whisper.py:509: FutureWarning: The input name `inputs` is deprecated. Please make sure to use `input_features` instead.
  warnings.warn(
/home/mkapadni/miniconda3/envs/gpu_env/lib/python3.10/site-packages/transformers/models/whisper/generation_whisper.py:509: FutureWarning: The input name `inputs` is deprecated. Please make sure to use `input_features` instead.
  warnings.warn(
/home/mkapadni/miniconda3/envs/gpu_env/lib/python3.10/site-packages/transformers/models/whisper/generation_whisper.py:509: FutureWarning: The input name `inputs` is deprecated. Please make sure to use `input_features` instead.
  warnings.warn(
/home/mkapadni/miniconda3/envs/gpu_env/lib/python3.10/site-packages/transformers/models/whisper/generation_whisper.py:509: FutureWarning: The input name `inputs` is deprecated. Please make sure to use `input_features` instead.
  warnings.warn(
/home/mkapadni/miniconda3/envs/gpu_env/lib/python3.10/site-packages/transformers/models/whisper/generation_whisper.py:509: FutureWarning: The input name `inputs` is deprecated. Please make sure to use `input_features` instead.
  warnings.warn(
/home/mkapadni/miniconda3/envs/gpu_env/lib/python3.10/site-packages/transformers/models/whisper/generation_whisper.py:509: FutureWarning: The input name `inputs` is deprecated. Please make sure to use `input_features` instead.
  warnings.warn(
/home/mkapadni/miniconda3/envs/gpu_env/lib/python3.10/site-packages/transformers/models/whisper/generation_whisper.py:509: FutureWarning: The input name `inputs` is deprecated. Please make sure to use `input_features` instead.
  warnings.warn(
/home/mkapadni/miniconda3/envs/gpu_env/lib/python3.10/site-packages/transformers/models/whisper/generation_whisper.py:509: FutureWarning: The input name `inputs` is deprecated. Please make sure to use `input_features` instead.
  warnings.warn(
/home/mkapadni/miniconda3/envs/gpu_env/lib/python3.10/site-packages/transformers/models/whisper/generation_whisper.py:509: FutureWarning: The input name `inputs` is deprecated. Please make sure to use `input_features` instead.
  warnings.warn(
/home/mkapadni/miniconda3/envs/gpu_env/lib/python3.10/site-packages/transformers/models/whisper/generation_whisper.py:509: FutureWarning: The input name `inputs` is deprecated. Please make sure to use `input_features` instead.
  warnings.warn(
/home/mkapadni/miniconda3/envs/gpu_env/lib/python3.10/site-packages/transformers/models/whisper/generation_whisper.py:509: FutureWarning: The input name `inputs` is deprecated. Please make sure to use `input_features` instead.
  warnings.warn(
/home/mkapadni/miniconda3/envs/gpu_env/lib/python3.10/site-packages/transformers/models/whisper/generation_whisper.py:509: FutureWarning: The input name `inputs` is deprecated. Please make sure to use `input_features` instead.
  warnings.warn(
/home/mkapadni/miniconda3/envs/gpu_env/lib/python3.10/site-packages/transformers/models/whisper/generation_whisper.py:509: FutureWarning: The input name `inputs` is deprecated. Please make sure to use `input_features` instead.
  warnings.warn(
/home/mkapadni/miniconda3/envs/gpu_env/lib/python3.10/site-packages/transformers/models/whisper/generation_whisper.py:509: FutureWarning: The input name `inputs` is deprecated. Please make sure to use `input_features` instead.
  warnings.warn(
/home/mkapadni/miniconda3/envs/gpu_env/lib/python3.10/site-packages/transformers/models/whisper/generation_whisper.py:509: FutureWarning: The input name `inputs` is deprecated. Please make sure to use `input_features` instead.
  warnings.warn(
/home/mkapadni/miniconda3/envs/gpu_env/lib/python3.10/site-packages/transformers/models/whisper/generation_whisper.py:509: FutureWarning: The input name `inputs` is deprecated. Please make sure to use `input_features` instead.
  warnings.warn(
/home/mkapadni/miniconda3/envs/gpu_env/lib/python3.10/site-packages/transformers/models/whisper/generation_whisper.py:509: FutureWarning: The input name `inputs` is deprecated. Please make sure to use `input_features` instead.
  warnings.warn(
/home/mkapadni/miniconda3/envs/gpu_env/lib/python3.10/site-packages/transformers/models/whisper/generation_whisper.py:509: FutureWarning: The input name `inputs` is deprecated. Please make sure to use `input_features` instead.
  warnings.warn(
/home/mkapadni/miniconda3/envs/gpu_env/lib/python3.10/site-packages/transformers/models/whisper/generation_whisper.py:509: FutureWarning: The input name `inputs` is deprecated. Please make sure to use `input_features` instead.
  warnings.warn(
/home/mkapadni/miniconda3/envs/gpu_env/lib/python3.10/site-packages/transformers/models/whisper/generation_whisper.py:509: FutureWarning: The input name `inputs` is deprecated. Please make sure to use `input_features` instead.
  warnings.warn(
/home/mkapadni/miniconda3/envs/gpu_env/lib/python3.10/site-packages/transformers/models/whisper/generation_whisper.py:509: FutureWarning: The input name `inputs` is deprecated. Please make sure to use `input_features` instead.
  warnings.warn(
/home/mkapadni/miniconda3/envs/gpu_env/lib/python3.10/site-packages/transformers/models/whisper/generation_whisper.py:509: FutureWarning: The input name `inputs` is deprecated. Please make sure to use `input_features` instead.
  warnings.warn(
/home/mkapadni/miniconda3/envs/gpu_env/lib/python3.10/site-packages/transformers/models/whisper/generation_whisper.py:509: FutureWarning: The input name `inputs` is deprecated. Please make sure to use `input_features` instead.
  warnings.warn(
/home/mkapadni/miniconda3/envs/gpu_env/lib/python3.10/site-packages/transformers/models/whisper/generation_whisper.py:509: FutureWarning: The input name `inputs` is deprecated. Please make sure to use `input_features` instead.
  warnings.warn(
/home/mkapadni/miniconda3/envs/gpu_env/lib/python3.10/site-packages/transformers/models/whisper/generation_whisper.py:509: FutureWarning: The input name `inputs` is deprecated. Please make sure to use `input_features` instead.
  warnings.warn(
/home/mkapadni/miniconda3/envs/gpu_env/lib/python3.10/site-packages/transformers/models/whisper/generation_whisper.py:509: FutureWarning: The input name `inputs` is deprecated. Please make sure to use `input_features` instead.
  warnings.warn(
/home/mkapadni/miniconda3/envs/gpu_env/lib/python3.10/site-packages/transformers/models/whisper/generation_whisper.py:509: FutureWarning: The input name `inputs` is deprecated. Please make sure to use `input_features` instead.
  warnings.warn(
/home/mkapadni/miniconda3/envs/gpu_env/lib/python3.10/site-packages/transformers/models/whisper/generation_whisper.py:509: FutureWarning: The input name `inputs` is deprecated. Please make sure to use `input_features` instead.
  warnings.warn(
/home/mkapadni/miniconda3/envs/gpu_env/lib/python3.10/site-packages/transformers/models/whisper/generation_whisper.py:509: FutureWarning: The input name `inputs` is deprecated. Please make sure to use `input_features` instead.
  warnings.warn(
/home/mkapadni/miniconda3/envs/gpu_env/lib/python3.10/site-packages/transformers/models/whisper/generation_whisper.py:509: FutureWarning: The input name `inputs` is deprecated. Please make sure to use `input_features` instead.
  warnings.warn(
/home/mkapadni/miniconda3/envs/gpu_env/lib/python3.10/site-packages/transformers/models/whisper/generation_whisper.py:509: FutureWarning: The input name `inputs` is deprecated. Please make sure to use `input_features` instead.
  warnings.warn(
/home/mkapadni/miniconda3/envs/gpu_env/lib/python3.10/site-packages/transformers/models/whisper/generation_whisper.py:509: FutureWarning: The input name `inputs` is deprecated. Please make sure to use `input_features` instead.
  warnings.warn(
/home/mkapadni/miniconda3/envs/gpu_env/lib/python3.10/site-packages/transformers/models/whisper/generation_whisper.py:509: FutureWarning: The input name `inputs` is deprecated. Please make sure to use `input_features` instead.
  warnings.warn(
/home/mkapadni/miniconda3/envs/gpu_env/lib/python3.10/site-packages/transformers/models/whisper/generation_whisper.py:509: FutureWarning: The input name `inputs` is deprecated. Please make sure to use `input_features` instead.
  warnings.warn(
/home/mkapadni/miniconda3/envs/gpu_env/lib/python3.10/site-packages/transformers/models/whisper/generation_whisper.py:509: FutureWarning: The input name `inputs` is deprecated. Please make sure to use `input_features` instead.
  warnings.warn(
/home/mkapadni/miniconda3/envs/gpu_env/lib/python3.10/site-packages/transformers/models/whisper/generation_whisper.py:509: FutureWarning: The input name `inputs` is deprecated. Please make sure to use `input_features` instead.
  warnings.warn(
/home/mkapadni/miniconda3/envs/gpu_env/lib/python3.10/site-packages/transformers/models/whisper/generation_whisper.py:509: FutureWarning: The input name `inputs` is deprecated. Please make sure to use `input_features` instead.
  warnings.warn(
/home/mkapadni/miniconda3/envs/gpu_env/lib/python3.10/site-packages/transformers/models/whisper/generation_whisper.py:509: FutureWarning: The input name `inputs` is deprecated. Please make sure to use `input_features` instead.
  warnings.warn(
/home/mkapadni/miniconda3/envs/gpu_env/lib/python3.10/site-packages/transformers/models/whisper/generation_whisper.py:509: FutureWarning: The input name `inputs` is deprecated. Please make sure to use `input_features` instead.
  warnings.warn(
/home/mkapadni/miniconda3/envs/gpu_env/lib/python3.10/site-packages/transformers/models/whisper/generation_whisper.py:509: FutureWarning: The input name `inputs` is deprecated. Please make sure to use `input_features` instead.
  warnings.warn(
/home/mkapadni/miniconda3/envs/gpu_env/lib/python3.10/site-packages/transformers/models/whisper/generation_whisper.py:509: FutureWarning: The input name `inputs` is deprecated. Please make sure to use `input_features` instead.
  warnings.warn(
/home/mkapadni/miniconda3/envs/gpu_env/lib/python3.10/site-packages/transformers/models/whisper/generation_whisper.py:509: FutureWarning: The input name `inputs` is deprecated. Please make sure to use `input_features` instead.
  warnings.warn(
/home/mkapadni/miniconda3/envs/gpu_env/lib/python3.10/site-packages/transformers/models/whisper/generation_whisper.py:509: FutureWarning: The input name `inputs` is deprecated. Please make sure to use `input_features` instead.
  warnings.warn(
/home/mkapadni/miniconda3/envs/gpu_env/lib/python3.10/site-packages/transformers/models/whisper/generation_whisper.py:509: FutureWarning: The input name `inputs` is deprecated. Please make sure to use `input_features` instead.
  warnings.warn(
/home/mkapadni/miniconda3/envs/gpu_env/lib/python3.10/site-packages/transformers/models/whisper/generation_whisper.py:509: FutureWarning: The input name `inputs` is deprecated. Please make sure to use `input_features` instead.
  warnings.warn(
/home/mkapadni/miniconda3/envs/gpu_env/lib/python3.10/site-packages/transformers/models/whisper/generation_whisper.py:509: FutureWarning: The input name `inputs` is deprecated. Please make sure to use `input_features` instead.
  warnings.warn(
/home/mkapadni/miniconda3/envs/gpu_env/lib/python3.10/site-packages/transformers/models/whisper/generation_whisper.py:509: FutureWarning: The input name `inputs` is deprecated. Please make sure to use `input_features` instead.
  warnings.warn(
/home/mkapadni/miniconda3/envs/gpu_env/lib/python3.10/site-packages/transformers/models/whisper/generation_whisper.py:509: FutureWarning: The input name `inputs` is deprecated. Please make sure to use `input_features` instead.
  warnings.warn(
/home/mkapadni/miniconda3/envs/gpu_env/lib/python3.10/site-packages/transformers/models/whisper/generation_whisper.py:509: FutureWarning: The input name `inputs` is deprecated. Please make sure to use `input_features` instead.
  warnings.warn(
/home/mkapadni/miniconda3/envs/gpu_env/lib/python3.10/site-packages/transformers/models/whisper/generation_whisper.py:509: FutureWarning: The input name `inputs` is deprecated. Please make sure to use `input_features` instead.
  warnings.warn(
/home/mkapadni/miniconda3/envs/gpu_env/lib/python3.10/site-packages/transformers/models/whisper/generation_whisper.py:509: FutureWarning: The input name `inputs` is deprecated. Please make sure to use `input_features` instead.
  warnings.warn(
/home/mkapadni/miniconda3/envs/gpu_env/lib/python3.10/site-packages/transformers/models/whisper/generation_whisper.py:509: FutureWarning: The input name `inputs` is deprecated. Please make sure to use `input_features` instead.
  warnings.warn(
/home/mkapadni/miniconda3/envs/gpu_env/lib/python3.10/site-packages/transformers/models/whisper/generation_whisper.py:509: FutureWarning: The input name `inputs` is deprecated. Please make sure to use `input_features` instead.
  warnings.warn(
